2019-07-29 10:12:57,190 - Starting CwcabackApplication on macbookpro.local with PID 15149 (/Users/wjn/Desktop/cwcaback/target/classes started by wjn in /Users/wjn/Desktop/cwcaback)
2019-07-29 10:12:57,195 - The following profiles are active: dev
2019-07-29 10:12:57,457 - Refreshing org.springframework.boot.web.servlet.context.AnnotationConfigServletWebServerApplicationContext@2a266d09: startup date [Mon Jul 29 10:12:57 CST 2019]; root of context hierarchy
2019-07-29 10:12:58,667 - Multiple Spring Data modules found, entering strict repository configuration mode!
2019-07-29 10:12:58,714 - Multiple Spring Data modules found, entering strict repository configuration mode!
2019-07-29 10:12:59,391 - Bean 'org.springframework.transaction.annotation.ProxyTransactionManagementConfiguration' of type [org.springframework.transaction.annotation.ProxyTransactionManagementConfiguration$$EnhancerBySpringCGLIB$$938b97db] is not eligible for getting processed by all BeanPostProcessors (for example: not eligible for auto-proxying)
2019-07-29 10:13:00,100 - Tomcat initialized with port(s): 8081 (http)
2019-07-29 10:13:00,116 - Initializing ProtocolHandler ["http-nio-8081"]
2019-07-29 10:13:00,127 - Starting service [Tomcat]
2019-07-29 10:13:00,127 - Starting Servlet Engine: Apache Tomcat/8.5.32
2019-07-29 10:13:00,132 - The APR based Apache Tomcat Native library which allows optimal performance in production environments was not found on the java.library.path: [/Users/wjn/Library/Java/Extensions:/Library/Java/Extensions:/Network/Library/Java/Extensions:/System/Library/Java/Extensions:/usr/lib/java:.]
2019-07-29 10:13:00,434 - Initializing Spring embedded WebApplicationContext
2019-07-29 10:13:00,435 - Root WebApplicationContext: initialization completed in 2979 ms
2019-07-29 10:13:00,511 - Servlet dispatcherServlet mapped to [/]
2019-07-29 10:13:00,515 - Mapping filter: 'characterEncodingFilter' to: [/*]
2019-07-29 10:13:00,515 - Mapping filter: 'hiddenHttpMethodFilter' to: [/*]
2019-07-29 10:13:00,516 - Mapping filter: 'httpPutFormContentFilter' to: [/*]
2019-07-29 10:13:00,516 - Mapping filter: 'requestContextFilter' to: [/*]
2019-07-29 10:13:00,874 - {dataSource-1} inited
2019-07-29 10:13:01,114 - Building JPA container EntityManagerFactory for persistence unit 'default'
2019-07-29 10:13:01,128 - HHH000204: Processing PersistenceUnitInfo [
	name: default
	...]
2019-07-29 10:13:01,218 - HHH000412: Hibernate Core {5.2.17.Final}
2019-07-29 10:13:01,220 - HHH000206: hibernate.properties not found
2019-07-29 10:13:01,271 - HCANN000001: Hibernate Commons Annotations {5.0.1.Final}
2019-07-29 10:13:01,465 - HHH000400: Using dialect: org.hibernate.dialect.MySQL5Dialect
2019-07-29 10:13:02,095 - Initialized JPA EntityManagerFactory for persistence unit 'default'
2019-07-29 10:13:03,398 - spring.jpa.open-in-view is enabled by default. Therefore, database queries may be performed during view rendering. Explicitly configure spring.jpa.open-in-view to disable this warning
2019-07-29 10:13:03,507 - Mapped "{[/article/list],methods=[POST]}" onto public com.cwca.bean.common.RespBean com.cwca.controller.article.ArticleController.getArticles(com.cwca.bean.article.Article)
2019-07-29 10:13:03,508 - Mapped "{[/article/addarticle],methods=[POST]}" onto public com.cwca.bean.common.RespBean com.cwca.controller.article.ArticleController.addArticles(com.cwca.bean.article.Article)
2019-07-29 10:13:03,508 - Mapped "{[/article/updatearticle],methods=[PUT]}" onto public com.cwca.bean.common.RespBean com.cwca.controller.article.ArticleController.updateArticles(com.cwca.bean.article.Article)
2019-07-29 10:13:03,511 - Mapped "{[/exam/print],methods=[GET]}" onto public com.cwca.bean.common.RespBean com.cwca.controller.examination.ExamDataController.print(javax.servlet.http.HttpServletRequest,java.lang.String,java.lang.String)
2019-07-29 10:13:03,512 - Mapped "{[/exam/transfer],methods=[POST]}" onto public com.cwca.bean.common.RespBean com.cwca.controller.examination.ExamDataController.transfer(javax.servlet.http.HttpServletRequest,com.alibaba.fastjson.JSONObject)
2019-07-29 10:13:03,512 - Mapped "{[/exam/applyInfoList],methods=[POST]}" onto public com.cwca.bean.common.RespBean com.cwca.controller.examination.ExamDataController.findApplyInfoList(javax.servlet.http.HttpServletRequest,com.cwca.bean.examination.ApplyInfo)
2019-07-29 10:13:03,512 - Mapped "{[/exam/applyProcess],methods=[POST]}" onto public com.cwca.bean.common.RespBean com.cwca.controller.examination.ExamDataController.toApplyProcess(javax.servlet.http.HttpServletRequest,com.alibaba.fastjson.JSONObject)
2019-07-29 10:13:03,513 - Mapped "{[/exam/passOneExam],methods=[GET]}" onto public com.cwca.bean.common.RespBean com.cwca.controller.examination.ExamDataController.passExam(javax.servlet.http.HttpServletRequest,com.cwca.vo.ExamRequestVo)
2019-07-29 10:13:03,513 - Mapped "{[/exam/passApplyExam],methods=[POST]}" onto public com.cwca.bean.common.RespBean com.cwca.controller.examination.ExamDataController.passApply(javax.servlet.http.HttpServletRequest,com.alibaba.fastjson.JSONObject)
2019-07-29 10:13:03,514 - Mapped "{[/fbdeal/list],methods=[POST]}" onto public com.cwca.bean.common.RespBean com.cwca.controller.fbdeal.FbDealController.getFbdeals(com.cwca.bean.fbdeal.FbdealParam)
2019-07-29 10:13:03,515 - Mapped "{[/dblogin],methods=[POST]}" onto public com.cwca.bean.common.RespBean com.cwca.controller.system.LoginController.dblogin(com.alibaba.fastjson.JSONObject,javax.servlet.http.HttpServletResponse)
2019-07-29 10:13:03,515 - Mapped "{[/logout],methods=[POST]}" onto public com.cwca.bean.common.RespBean com.cwca.controller.system.LoginController.logout(javax.servlet.http.HttpServletRequest)
2019-07-29 10:13:03,516 - Mapped "{[/sysmenu],methods=[GET]}" onto public com.cwca.bean.common.RespBean com.cwca.controller.system.SysConfigController.sysmenu(javax.servlet.http.HttpServletRequest)
2019-07-29 10:13:03,517 - Mapped "{[/sys/basic/role/{rid}],methods=[DELETE]}" onto public com.cwca.bean.common.RespBean com.cwca.controller.system.SystemRoleMenuController.deleteRole(java.lang.Integer)
2019-07-29 10:13:03,518 - Mapped "{[/sys/basic/addrole],methods=[POST]}" onto public com.cwca.bean.common.RespBean com.cwca.controller.system.SystemRoleMenuController.addNewRole(java.lang.String,java.lang.String)
2019-07-29 10:13:03,518 - Mapped "{[/sys/basic/menuTree/{rid}],methods=[GET]}" onto public com.cwca.bean.common.RespBean com.cwca.controller.system.SystemRoleMenuController.menuTree(java.lang.Integer)
2019-07-29 10:13:03,518 - Mapped "{[/sys/basic/updateMenuRole],methods=[PUT]}" onto public com.cwca.bean.common.RespBean com.cwca.controller.system.SystemRoleMenuController.updateMenuRole(java.lang.Integer,java.lang.Integer[])
2019-07-29 10:13:03,518 - Mapped "{[/sys/basic/roles]}" onto public com.cwca.bean.common.RespBean com.cwca.controller.system.SystemRoleMenuController.allRoles()
2019-07-29 10:13:03,520 - Mapped "{[/sys/users/id/{hrId}],methods=[GET]}" onto public com.cwca.bean.common.RespBean com.cwca.controller.system.SystemUserController.getHrById(java.lang.Integer)
2019-07-29 10:13:03,520 - Mapped "{[/sys/users/{hrId}],methods=[DELETE]}" onto public com.cwca.bean.common.RespBean com.cwca.controller.system.SystemUserController.deleteHr(java.lang.Integer)
2019-07-29 10:13:03,521 - Mapped "{[/sys/users/updateuser],methods=[PUT]}" onto public com.cwca.bean.common.RespBean com.cwca.controller.system.SystemUserController.updateHr(com.cwca.bean.User)
2019-07-29 10:13:03,521 - Mapped "{[/sys/users/updateuserrole],methods=[PUT]}" onto public com.cwca.bean.common.RespBean com.cwca.controller.system.SystemUserController.updateHrRoles(java.lang.Integer,java.lang.Integer[])
2019-07-29 10:13:03,522 - Mapped "{[/sys/users/{keywords}]}" onto public com.cwca.bean.common.RespBean com.cwca.controller.system.SystemUserController.getHrsByKeywords(java.lang.String)
2019-07-29 10:13:03,522 - Mapped "{[/sys/users/reg],methods=[POST]}" onto public com.cwca.bean.common.RespBean com.cwca.controller.system.SystemUserController.hrReg(java.lang.String,java.lang.String)
2019-07-29 10:13:03,523 - Mapped "{[/v2/api-docs],methods=[GET],produces=[application/json || application/hal+json]}" onto public org.springframework.http.ResponseEntity<springfox.documentation.spring.web.json.Json> springfox.documentation.swagger2.web.Swagger2Controller.getDocumentation(java.lang.String,javax.servlet.http.HttpServletRequest)
2019-07-29 10:13:03,527 - Mapped "{[/swagger-resources/configuration/security]}" onto org.springframework.http.ResponseEntity<springfox.documentation.swagger.web.SecurityConfiguration> springfox.documentation.swagger.web.ApiResourceController.securityConfiguration()
2019-07-29 10:13:03,528 - Mapped "{[/swagger-resources/configuration/ui]}" onto org.springframework.http.ResponseEntity<springfox.documentation.swagger.web.UiConfiguration> springfox.documentation.swagger.web.ApiResourceController.uiConfiguration()
2019-07-29 10:13:03,528 - Mapped "{[/swagger-resources]}" onto org.springframework.http.ResponseEntity<java.util.List<springfox.documentation.swagger.web.SwaggerResource>> springfox.documentation.swagger.web.ApiResourceController.swaggerResources()
2019-07-29 10:13:03,533 - Mapped "{[/error]}" onto public org.springframework.http.ResponseEntity<java.util.Map<java.lang.String, java.lang.Object>> org.springframework.boot.autoconfigure.web.servlet.error.BasicErrorController.error(javax.servlet.http.HttpServletRequest)
2019-07-29 10:13:03,533 - Mapped "{[/error],produces=[text/html]}" onto public org.springframework.web.servlet.ModelAndView org.springframework.boot.autoconfigure.web.servlet.error.BasicErrorController.errorHtml(javax.servlet.http.HttpServletRequest,javax.servlet.http.HttpServletResponse)
2019-07-29 10:13:03,978 - Mapped URL path [/**/favicon.ico] onto handler of type [class org.springframework.web.servlet.resource.ResourceHttpRequestHandler]
2019-07-29 10:13:04,045 - Looking for @ControllerAdvice: org.springframework.boot.web.servlet.context.AnnotationConfigServletWebServerApplicationContext@2a266d09: startup date [Mon Jul 29 10:12:57 CST 2019]; root of context hierarchy
2019-07-29 10:13:04,106 - Mapped URL path [/webjars/**] onto handler of type [class org.springframework.web.servlet.resource.ResourceHttpRequestHandler]
2019-07-29 10:13:04,106 - Mapped URL path [/**] onto handler of type [class org.springframework.web.servlet.resource.ResourceHttpRequestHandler]
2019-07-29 10:13:04,123 - Detected @ExceptionHandler methods in templateExceptionHandler
2019-07-29 10:13:05,170 - Registering beans for JMX exposure on startup
2019-07-29 10:13:05,172 - Bean with name 'dataSource' has been autodetected for JMX exposure
2019-07-29 10:13:05,179 - Located MBean 'dataSource': registering with JMX server as MBean [com.alibaba.druid.pool:name=dataSource,type=DruidDataSource]
2019-07-29 10:13:05,184 - Starting beans in phase 2147483647
2019-07-29 10:13:05,185 - Context refreshed
2019-07-29 10:13:05,205 - Found 1 custom documentation plugin(s)
2019-07-29 10:13:05,216 - Scanning for api listing references
2019-07-29 10:13:05,469 - Starting ProtocolHandler ["http-nio-8081"]
2019-07-29 10:13:05,501 - Using a shared selector for servlet write/read
2019-07-29 10:13:05,522 - Tomcat started on port(s): 8081 (http) with context path ''
2019-07-29 10:13:05,529 - Started CwcabackApplication in 9.23 seconds (JVM running for 11.635)
2019-07-29 13:47:09,821 - Initializing Spring FrameworkServlet 'dispatcherServlet'
2019-07-29 13:47:09,823 - FrameworkServlet 'dispatcherServlet': initialization started
2019-07-29 13:47:09,884 - FrameworkServlet 'dispatcherServlet': initialization completed in 61 ms
2019-07-29 13:47:10,307 - Starting without optional epoll library
2019-07-29 13:47:10,309 - Starting without optional kqueue library
2019-07-29 13:47:10,702 - 【token过期/未登录】Redis中查不到token
2019-07-29 13:47:13,107 - {"action":"GetExamInfo","info":[{}],"remoteIp":"0:0:0:0:0:0:0:1","timestamp":1564379233089}
2019-07-29 13:47:42,314 - {"action":"ToApplyProcess","info":["156204964899381508"],"remoteIp":"0:0:0:0:0:0:0:1","timestamp":1564379262314}
2019-07-29 13:48:01,147 - {"action":"GetExamInfo","info":[{}],"remoteIp":"0:0:0:0:0:0:0:1","timestamp":1564379281147}
2019-07-29 16:32:58,981 - 【token过期/未登录】Redis中查不到token
2019-07-29 16:33:00,814 - {"action":"ToApplyProcess","info":[null],"remoteIp":"0:0:0:0:0:0:0:1","timestamp":1564389180814}
2019-07-29 16:33:00,836 - Source must not be null
2019-07-29 16:33:03,409 - {"action":"GetExamInfo","info":[{}],"remoteIp":"0:0:0:0:0:0:0:1","timestamp":1564389183409}
2019-07-29 16:33:07,209 - {"action":"ToApplyProcess","info":["156204964899381508"],"remoteIp":"0:0:0:0:0:0:0:1","timestamp":1564389187208}
2019-07-29 16:33:12,069 - {"action":"GetExamInfo","info":[{}],"remoteIp":"0:0:0:0:0:0:0:1","timestamp":1564389192069}
2019-07-30 08:30:10,782 - Closing org.springframework.boot.web.servlet.context.AnnotationConfigServletWebServerApplicationContext@2a266d09: startup date [Mon Jul 29 10:12:57 CST 2019]; root of context hierarchy
2019-07-30 08:30:10,868 - Stopping beans in phase 2147483647
2019-07-30 08:30:10,906 - Unregistering JMX-exposed beans on shutdown
2019-07-30 08:30:10,914 - Unregistering JMX-exposed beans
2019-07-30 08:30:12,163 - Closing JPA EntityManagerFactory for persistence unit 'default'
2019-07-30 08:30:12,194 - {dataSource-1} closed
