2019-07-31 10:26:40,158 - Starting CwcabackApplication on macbookpro.local with PID 2180 (/Users/wjn/Desktop/cwcaback/target/classes started by wjn in /Users/wjn/Desktop/cwcaback)
2019-07-31 10:26:40,161 - The following profiles are active: dev
2019-07-31 10:26:40,392 - Refreshing org.springframework.boot.web.servlet.context.AnnotationConfigServletWebServerApplicationContext@50caa560: startup date [Wed Jul 31 10:26:40 CST 2019]; root of context hierarchy
2019-07-31 10:26:41,850 - Multiple Spring Data modules found, entering strict repository configuration mode!
2019-07-31 10:26:41,884 - Multiple Spring Data modules found, entering strict repository configuration mode!
2019-07-31 10:26:42,527 - Bean 'org.springframework.transaction.annotation.ProxyTransactionManagementConfiguration' of type [org.springframework.transaction.annotation.ProxyTransactionManagementConfiguration$$EnhancerBySpringCGLIB$$3bfda551] is not eligible for getting processed by all BeanPostProcessors (for example: not eligible for auto-proxying)
2019-07-31 10:26:43,186 - Tomcat initialized with port(s): 8081 (http)
2019-07-31 10:26:43,203 - Initializing ProtocolHandler ["http-nio-8081"]
2019-07-31 10:26:43,215 - Starting service [Tomcat]
2019-07-31 10:26:43,215 - Starting Servlet Engine: Apache Tomcat/8.5.32
2019-07-31 10:26:43,221 - The APR based Apache Tomcat Native library which allows optimal performance in production environments was not found on the java.library.path: [/Users/wjn/Library/Java/Extensions:/Library/Java/Extensions:/Network/Library/Java/Extensions:/System/Library/Java/Extensions:/usr/lib/java:.]
2019-07-31 10:26:43,496 - Initializing Spring embedded WebApplicationContext
2019-07-31 10:26:43,497 - Root WebApplicationContext: initialization completed in 3106 ms
2019-07-31 10:26:43,580 - Servlet dispatcherServlet mapped to [/]
2019-07-31 10:26:43,586 - Mapping filter: 'characterEncodingFilter' to: [/*]
2019-07-31 10:26:43,586 - Mapping filter: 'hiddenHttpMethodFilter' to: [/*]
2019-07-31 10:26:43,587 - Mapping filter: 'httpPutFormContentFilter' to: [/*]
2019-07-31 10:26:43,587 - Mapping filter: 'requestContextFilter' to: [/*]
2019-07-31 10:26:44,009 - {dataSource-1} inited
2019-07-31 10:26:44,347 - Building JPA container EntityManagerFactory for persistence unit 'default'
2019-07-31 10:26:44,367 - HHH000204: Processing PersistenceUnitInfo [
	name: default
	...]
2019-07-31 10:26:44,457 - HHH000412: Hibernate Core {5.2.17.Final}
2019-07-31 10:26:44,459 - HHH000206: hibernate.properties not found
2019-07-31 10:26:44,508 - HCANN000001: Hibernate Commons Annotations {5.0.1.Final}
2019-07-31 10:26:44,693 - HHH000400: Using dialect: org.hibernate.dialect.MySQL5Dialect
2019-07-31 10:26:45,406 - Initialized JPA EntityManagerFactory for persistence unit 'default'
2019-07-31 10:26:46,835 - spring.jpa.open-in-view is enabled by default. Therefore, database queries may be performed during view rendering. Explicitly configure spring.jpa.open-in-view to disable this warning
2019-07-31 10:26:46,926 - Mapped "{[/article/list],methods=[POST]}" onto public com.cwca.bean.common.RespBean com.cwca.controller.article.ArticleController.getArticles(com.cwca.bean.article.Article)
2019-07-31 10:26:46,927 - Mapped "{[/article/addarticle],methods=[POST]}" onto public com.cwca.bean.common.RespBean com.cwca.controller.article.ArticleController.addArticles(com.cwca.bean.article.Article)
2019-07-31 10:26:46,928 - Mapped "{[/article/updatearticle],methods=[PUT]}" onto public com.cwca.bean.common.RespBean com.cwca.controller.article.ArticleController.updateArticles(com.cwca.bean.article.Article)
2019-07-31 10:26:46,931 - Mapped "{[/exam/print],methods=[POST]}" onto public com.cwca.bean.common.RespBean com.cwca.controller.examination.ExamDataController.print(javax.servlet.http.HttpServletRequest,com.alibaba.fastjson.JSONObject)
2019-07-31 10:26:46,931 - Mapped "{[/exam/transfer],methods=[POST]}" onto public com.cwca.bean.common.RespBean com.cwca.controller.examination.ExamDataController.transfer(javax.servlet.http.HttpServletRequest,com.alibaba.fastjson.JSONObject)
2019-07-31 10:26:46,932 - Mapped "{[/exam/applyInfoList],methods=[POST]}" onto public com.cwca.bean.common.RespBean com.cwca.controller.examination.ExamDataController.findApplyInfoList(javax.servlet.http.HttpServletRequest,com.cwca.bean.examination.ApplyInfo)
2019-07-31 10:26:46,932 - Mapped "{[/exam/applyProcess],methods=[POST]}" onto public com.cwca.bean.common.RespBean com.cwca.controller.examination.ExamDataController.toApplyProcess(javax.servlet.http.HttpServletRequest,com.alibaba.fastjson.JSONObject)
2019-07-31 10:26:46,932 - Mapped "{[/exam/passOneExam],methods=[GET]}" onto public com.cwca.bean.common.RespBean com.cwca.controller.examination.ExamDataController.passExam(javax.servlet.http.HttpServletRequest,com.cwca.vo.ExamRequestVo)
2019-07-31 10:26:46,932 - Mapped "{[/exam/passApplyExam],methods=[POST]}" onto public com.cwca.bean.common.RespBean com.cwca.controller.examination.ExamDataController.passApply(javax.servlet.http.HttpServletRequest,com.alibaba.fastjson.JSONObject)
2019-07-31 10:26:46,933 - Mapped "{[/fbdeal/list],methods=[POST]}" onto public com.cwca.bean.common.RespBean com.cwca.controller.fbdeal.FbDealController.getFbdeals(com.cwca.bean.fbdeal.FbdealParam)
2019-07-31 10:26:46,934 - Mapped "{[/dblogin],methods=[POST]}" onto public com.cwca.bean.common.RespBean com.cwca.controller.system.LoginController.dblogin(com.alibaba.fastjson.JSONObject,javax.servlet.http.HttpServletResponse)
2019-07-31 10:26:46,934 - Mapped "{[/logout],methods=[POST]}" onto public com.cwca.bean.common.RespBean com.cwca.controller.system.LoginController.logout(javax.servlet.http.HttpServletRequest)
2019-07-31 10:26:46,935 - Mapped "{[/sysmenu],methods=[GET]}" onto public com.cwca.bean.common.RespBean com.cwca.controller.system.SysConfigController.sysmenu(javax.servlet.http.HttpServletRequest)
2019-07-31 10:26:46,937 - Mapped "{[/sys/basic/role/{rid}],methods=[DELETE]}" onto public com.cwca.bean.common.RespBean com.cwca.controller.system.SystemRoleMenuController.deleteRole(java.lang.Integer)
2019-07-31 10:26:46,937 - Mapped "{[/sys/basic/addrole],methods=[POST]}" onto public com.cwca.bean.common.RespBean com.cwca.controller.system.SystemRoleMenuController.addNewRole(java.lang.String,java.lang.String)
2019-07-31 10:26:46,937 - Mapped "{[/sys/basic/menuTree/{rid}],methods=[GET]}" onto public com.cwca.bean.common.RespBean com.cwca.controller.system.SystemRoleMenuController.menuTree(java.lang.Integer)
2019-07-31 10:26:46,938 - Mapped "{[/sys/basic/updateMenuRole],methods=[PUT]}" onto public com.cwca.bean.common.RespBean com.cwca.controller.system.SystemRoleMenuController.updateMenuRole(java.lang.Integer,java.lang.Integer[])
2019-07-31 10:26:46,938 - Mapped "{[/sys/basic/roles]}" onto public com.cwca.bean.common.RespBean com.cwca.controller.system.SystemRoleMenuController.allRoles()
2019-07-31 10:26:46,939 - Mapped "{[/sys/users/id/{hrId}],methods=[GET]}" onto public com.cwca.bean.common.RespBean com.cwca.controller.system.SystemUserController.getHrById(java.lang.Integer)
2019-07-31 10:26:46,940 - Mapped "{[/sys/users/{hrId}],methods=[DELETE]}" onto public com.cwca.bean.common.RespBean com.cwca.controller.system.SystemUserController.deleteHr(java.lang.Integer)
2019-07-31 10:26:46,940 - Mapped "{[/sys/users/updateuser],methods=[PUT]}" onto public com.cwca.bean.common.RespBean com.cwca.controller.system.SystemUserController.updateHr(com.cwca.bean.User)
2019-07-31 10:26:46,940 - Mapped "{[/sys/users/updateuserrole],methods=[PUT]}" onto public com.cwca.bean.common.RespBean com.cwca.controller.system.SystemUserController.updateHrRoles(java.lang.Integer,java.lang.Integer[])
2019-07-31 10:26:46,940 - Mapped "{[/sys/users/{keywords}]}" onto public com.cwca.bean.common.RespBean com.cwca.controller.system.SystemUserController.getHrsByKeywords(java.lang.String)
2019-07-31 10:26:46,941 - Mapped "{[/sys/users/reg],methods=[POST]}" onto public com.cwca.bean.common.RespBean com.cwca.controller.system.SystemUserController.hrReg(java.lang.String,java.lang.String)
2019-07-31 10:26:46,942 - Mapped "{[/v2/api-docs],methods=[GET],produces=[application/json || application/hal+json]}" onto public org.springframework.http.ResponseEntity<springfox.documentation.spring.web.json.Json> springfox.documentation.swagger2.web.Swagger2Controller.getDocumentation(java.lang.String,javax.servlet.http.HttpServletRequest)
2019-07-31 10:26:46,945 - Mapped "{[/swagger-resources/configuration/ui]}" onto org.springframework.http.ResponseEntity<springfox.documentation.swagger.web.UiConfiguration> springfox.documentation.swagger.web.ApiResourceController.uiConfiguration()
2019-07-31 10:26:46,946 - Mapped "{[/swagger-resources/configuration/security]}" onto org.springframework.http.ResponseEntity<springfox.documentation.swagger.web.SecurityConfiguration> springfox.documentation.swagger.web.ApiResourceController.securityConfiguration()
2019-07-31 10:26:46,947 - Mapped "{[/swagger-resources]}" onto org.springframework.http.ResponseEntity<java.util.List<springfox.documentation.swagger.web.SwaggerResource>> springfox.documentation.swagger.web.ApiResourceController.swaggerResources()
2019-07-31 10:26:46,951 - Mapped "{[/error]}" onto public org.springframework.http.ResponseEntity<java.util.Map<java.lang.String, java.lang.Object>> org.springframework.boot.autoconfigure.web.servlet.error.BasicErrorController.error(javax.servlet.http.HttpServletRequest)
2019-07-31 10:26:46,951 - Mapped "{[/error],produces=[text/html]}" onto public org.springframework.web.servlet.ModelAndView org.springframework.boot.autoconfigure.web.servlet.error.BasicErrorController.errorHtml(javax.servlet.http.HttpServletRequest,javax.servlet.http.HttpServletResponse)
2019-07-31 10:26:47,438 - Mapped URL path [/**/favicon.ico] onto handler of type [class org.springframework.web.servlet.resource.ResourceHttpRequestHandler]
2019-07-31 10:26:47,512 - Looking for @ControllerAdvice: org.springframework.boot.web.servlet.context.AnnotationConfigServletWebServerApplicationContext@50caa560: startup date [Wed Jul 31 10:26:40 CST 2019]; root of context hierarchy
2019-07-31 10:26:47,614 - Mapped URL path [/webjars/**] onto handler of type [class org.springframework.web.servlet.resource.ResourceHttpRequestHandler]
2019-07-31 10:26:47,615 - Mapped URL path [/**] onto handler of type [class org.springframework.web.servlet.resource.ResourceHttpRequestHandler]
2019-07-31 10:26:47,633 - Detected @ExceptionHandler methods in templateExceptionHandler
2019-07-31 10:26:48,864 - Registering beans for JMX exposure on startup
2019-07-31 10:26:48,866 - Bean with name 'dataSource' has been autodetected for JMX exposure
2019-07-31 10:26:48,877 - Located MBean 'dataSource': registering with JMX server as MBean [com.alibaba.druid.pool:name=dataSource,type=DruidDataSource]
2019-07-31 10:26:48,884 - Starting beans in phase 2147483647
2019-07-31 10:26:48,884 - Context refreshed
2019-07-31 10:26:48,911 - Found 1 custom documentation plugin(s)
2019-07-31 10:26:48,923 - Scanning for api listing references
2019-07-31 10:26:49,142 - Starting ProtocolHandler ["http-nio-8081"]
2019-07-31 10:26:49,176 - Using a shared selector for servlet write/read
2019-07-31 10:26:49,193 - Tomcat started on port(s): 8081 (http) with context path ''
2019-07-31 10:26:49,199 - Started CwcabackApplication in 10.124 seconds (JVM running for 12.533)
2019-07-31 10:26:52,421 - Initializing Spring FrameworkServlet 'dispatcherServlet'
2019-07-31 10:26:52,422 - FrameworkServlet 'dispatcherServlet': initialization started
2019-07-31 10:26:52,446 - FrameworkServlet 'dispatcherServlet': initialization completed in 23 ms
2019-07-31 10:26:52,806 - Starting without optional epoll library
2019-07-31 10:26:52,807 - Starting without optional kqueue library
2019-07-31 10:26:55,576 - {"action":"GetExamInfo","info":[{}],"remoteIp":"0:0:0:0:0:0:0:1","timestamp":1564540015568}
2019-07-31 10:29:24,921 - {"action":"GetExamInfo","info":[{}],"remoteIp":"0:0:0:0:0:0:0:1","timestamp":1564540164921}
2019-07-31 10:29:50,097 - {"action":"ToApplyProcess","info":["156204964899381508"],"remoteIp":"0:0:0:0:0:0:0:1","timestamp":1564540190097}
2019-07-31 10:30:04,349 - {"action":"ExamApply","info":[{"applyId":"156204964899381508","list":[{"note":"测试测试测试","dictName":"数字证书申请单","fileUrl":"http://localhost:8081/file/20190702/40/84aab73ee6844ce988f3c1eddec8480c.png","isPass":true,"type":"_001","fileInfoId":"156204964906002722"},{"note":"好好啊好啊","dictName":"签章采集表","fileUrl":"http://localhost:8081/file/20190702/40/f5cdf0119575472790c549fbd0b0b82c.jpg","isPass":false,"type":"_015","fileInfoId":"156204964906047072"},{"note":"你好测测数据","dictName":"申请人有效身份证件原件","fileUrl":"http://localhost:8081/file/20190702/40/f30ded31d8a04f8f92c1180649f0c472.png","isPass":true,"type":"_002","fileInfoId":"156204964906068701"}]}],"remoteIp":"0:0:0:0:0:0:0:1","timestamp":1564540204348}
2019-07-31 10:32:32,027 - {"action":"GetExamInfo","info":[{}],"remoteIp":"0:0:0:0:0:0:0:1","timestamp":1564540352026}
2019-07-31 10:32:43,519 - {"action":"GetExamInfo","info":[{"isPass":3}],"remoteIp":"0:0:0:0:0:0:0:1","timestamp":1564540363519}
2019-07-31 10:32:49,177 - {"action":"ToApplyProcess","info":["156206461012647864"],"remoteIp":"0:0:0:0:0:0:0:1","timestamp":1564540369177}
2019-07-31 10:35:39,736 - {"action":"GetExamInfo","info":[{}],"remoteIp":"0:0:0:0:0:0:0:1","timestamp":1564540539736}
2019-07-31 10:35:57,458 - {"action":"ToApplyProcess","info":["156206461012647864"],"remoteIp":"0:0:0:0:0:0:0:1","timestamp":1564540557458}
2019-07-31 10:35:59,139 - {"action":"ExamApply","info":[{"applyId":"156206461012647864","list":[{"note":"","dictName":"数字证书申请单","fileUrl":"http://localhost:8081/file/20190702/40/89291f5a24ad4b7895388caa59fcd751.png","isPass":true,"type":"_001","fileInfoId":"156206461015739519"},{"note":"","dictName":"申请人有效身份证件原件","fileUrl":"http://localhost:8081/file/20190702/40/89291f5a24ad4b7895388caa59fcd751.png","isPass":true,"type":"_002","fileInfoId":"156206461015801398"},{"note":"","dictName":"签章采集表","fileUrl":"http://localhost:8081/file/20190702/40/cc2f9db94e644d57876a19e663f470e8.png","isPass":true,"type":"_015","fileInfoId":"156206461015843436"}]}],"remoteIp":"0:0:0:0:0:0:0:1","timestamp":1564540559139}
2019-07-31 10:36:02,331 - {"action":"GetExamInfo","info":[{}],"remoteIp":"0:0:0:0:0:0:0:1","timestamp":1564540562331}
2019-07-31 10:48:17,736 - {"action":"GetExamInfo","info":[{}],"remoteIp":"0:0:0:0:0:0:0:1","timestamp":1564541297735}
2019-07-31 10:48:22,356 - {"action":"ToApplyProcess","info":["156206949815255250"],"remoteIp":"0:0:0:0:0:0:0:1","timestamp":1564541302356}
2019-07-31 10:48:25,125 - {"action":"ExamApply","info":[{"applyId":"156206949815255250","list":[{"note":"","dictName":"申请人有效身份证件原件","fileUrl":"http://localhost:8081/file/20190702/41/4c79be26d2ff491e89ca437da9e2b467.png","isPass":true,"type":"_002","fileInfoId":"156206949815507451"},{"note":"","dictName":"数字证书申请单","fileUrl":"http://localhost:8081/file/20190702/41/4c79be26d2ff491e89ca437da9e2b467.png","isPass":true,"type":"_001","fileInfoId":"156206949815560891"},{"note":"","dictName":"签章采集表","fileUrl":"http://localhost:8081/file/20190702/41/0215afa60e22403a9a4a0f56643c42c6.png","isPass":true,"type":"_015","fileInfoId":"156206949815584310"}]}],"remoteIp":"0:0:0:0:0:0:0:1","timestamp":1564541305125}
2019-07-31 10:48:27,122 - {"action":"GetExamInfo","info":[{}],"remoteIp":"0:0:0:0:0:0:0:1","timestamp":1564541307122}
2019-07-31 10:48:59,828 - {"action":"ToApplyProcess","info":["156206949815255250"],"remoteIp":"0:0:0:0:0:0:0:1","timestamp":1564541339828}
2019-07-31 10:49:11,006 - {"action":"GetExamInfo","info":[{}],"remoteIp":"0:0:0:0:0:0:0:1","timestamp":1564541351006}
2019-07-31 13:09:45,926 - 【token过期/未登录】Redis中查不到token
2019-07-31 13:10:58,833 - {"action":"GetExamInfo","info":[{}],"remoteIp":"0:0:0:0:0:0:0:1","timestamp":1564549858831}
2019-07-31 13:11:46,004 - {"action":"GetExamInfo","info":[{}],"remoteIp":"0:0:0:0:0:0:0:1","timestamp":1564549906004}
2019-07-31 13:11:55,058 - {"action":"GetExamInfo","info":[{}],"remoteIp":"0:0:0:0:0:0:0:1","timestamp":1564549915058}
2019-07-31 13:12:24,285 - {"action":"GetExamInfo","info":[{"handlingType":"0"}],"remoteIp":"0:0:0:0:0:0:0:1","timestamp":1564549944285}
2019-07-31 13:12:28,972 - {"action":"GetExamInfo","info":[{"handlingType":"3"}],"remoteIp":"0:0:0:0:0:0:0:1","timestamp":1564549948972}
2019-07-31 13:12:32,300 - {"action":"GetExamInfo","info":[{"handlingType":""}],"remoteIp":"0:0:0:0:0:0:0:1","timestamp":1564549952300}
2019-07-31 13:12:38,122 - {"action":"GetExamInfo","info":[{"handlingType":"4"}],"remoteIp":"0:0:0:0:0:0:0:1","timestamp":1564549958122}
2019-07-31 13:23:37,285 - {"action":"ToApplyProcess","info":["156204964899381508"],"remoteIp":"0:0:0:0:0:0:0:1","timestamp":1564550617285}
2019-07-31 13:29:43,041 - {"action":"ExamApply","info":[{"applyId":"156204964899381508","list":[{"note":"测试测试测试","dictName":"数字证书申请单","fileUrl":"http://localhost:8081/file/20190702/40/84aab73ee6844ce988f3c1eddec8480c.png","isPass":true,"type":"_001","fileInfoId":"156204964906002722"},{"note":"好好啊好啊","dictName":"签章采集表","fileUrl":"http://localhost:8081/file/20190702/40/f5cdf0119575472790c549fbd0b0b82c.jpg","isPass":false,"type":"_015","fileInfoId":"156204964906047072"},{"note":"你好测测数据","dictName":"申请人有效身份证件原件","fileUrl":"http://localhost:8081/file/20190702/40/f30ded31d8a04f8f92c1180649f0c472.png","isPass":true,"type":"_002","fileInfoId":"156204964906068701"}]}],"remoteIp":"0:0:0:0:0:0:0:1","timestamp":1564550983041}
2019-07-31 13:29:55,840 - {"action":"ExamApply","info":[{"applyId":"156204964899381508","list":[{"note":"测试测试测试","dictName":"数字证书申请单","fileUrl":"http://localhost:8081/file/20190702/40/84aab73ee6844ce988f3c1eddec8480c.png","isPass":false,"type":"_001","fileInfoId":"156204964906002722"},{"note":"好好啊好啊","dictName":"签章采集表","fileUrl":"http://localhost:8081/file/20190702/40/f5cdf0119575472790c549fbd0b0b82c.jpg","isPass":true,"type":"_015","fileInfoId":"156204964906047072"},{"note":"你好测测数据","dictName":"申请人有效身份证件原件","fileUrl":"http://localhost:8081/file/20190702/40/f30ded31d8a04f8f92c1180649f0c472.png","isPass":true,"type":"_002","fileInfoId":"156204964906068701"}]}],"remoteIp":"0:0:0:0:0:0:0:1","timestamp":1564550995840}
2019-07-31 13:30:05,068 - {"action":"GetExamInfo","info":[{}],"remoteIp":"0:0:0:0:0:0:0:1","timestamp":1564551005068}
2019-07-31 13:32:47,623 - {"action":"GetExamInfo","info":[{}],"remoteIp":"0:0:0:0:0:0:0:1","timestamp":1564551167622}
2019-07-31 13:32:53,146 - {"action":"GetExamInfo","info":[{}],"remoteIp":"0:0:0:0:0:0:0:1","timestamp":1564551173146}
2019-07-31 13:33:06,370 - {"action":"GetExamInfo","info":[{}],"remoteIp":"0:0:0:0:0:0:0:1","timestamp":1564551186370}
2019-07-31 13:35:54,877 - {"action":"GetExamInfo","info":[{}],"remoteIp":"0:0:0:0:0:0:0:1","timestamp":1564551354877}
2019-07-31 13:36:24,557 - {"action":"GetExamInfo","info":[{}],"remoteIp":"0:0:0:0:0:0:0:1","timestamp":1564551384556}
2019-07-31 13:39:52,826 - {"action":"GetExamInfo","info":[{}],"remoteIp":"0:0:0:0:0:0:0:1","timestamp":1564551592825}
2019-07-31 13:45:42,736 - {"action":"ToApplyProcess","info":["156204964899381508"],"remoteIp":"0:0:0:0:0:0:0:1","timestamp":1564551942736}
2019-07-31 13:45:49,511 - {"action":"GetExamInfo","info":[{}],"remoteIp":"0:0:0:0:0:0:0:1","timestamp":1564551949511}
2019-07-31 13:45:50,602 - {"action":"ToApplyProcess","info":["156204964899381508"],"remoteIp":"0:0:0:0:0:0:0:1","timestamp":1564551950602}
2019-07-31 13:45:53,926 - {"action":"GetExamInfo","info":[{}],"remoteIp":"0:0:0:0:0:0:0:1","timestamp":1564551953926}
2019-07-31 13:45:59,195 - {"action":"ToApplyProcess","info":["156204964899381508"],"remoteIp":"0:0:0:0:0:0:0:1","timestamp":1564551959194}
2019-07-31 13:46:01,436 - {"action":"GetExamInfo","info":[{}],"remoteIp":"0:0:0:0:0:0:0:1","timestamp":1564551961436}
2019-07-31 14:37:11,078 - {"action":"GetExamInfo","info":[{}],"remoteIp":"0:0:0:0:0:0:0:1","timestamp":1564555031078}
2019-07-31 14:37:20,761 - {"action":"GetExamInfo","info":[{}],"remoteIp":"0:0:0:0:0:0:0:1","timestamp":1564555040761}
2019-07-31 14:37:26,947 - {"action":"GetExamInfo","info":[{}],"remoteIp":"0:0:0:0:0:0:0:1","timestamp":1564555046946}
2019-07-31 14:38:45,793 - {"action":"ToApplyProcess","info":["156204964899381508"],"remoteIp":"0:0:0:0:0:0:0:1","timestamp":1564555125793}
2019-07-31 14:38:48,931 - {"action":"ExamApply","info":[{"applyId":"156204964899381508","list":[{"note":"测试测试测试","dictName":"数字证书申请单","fileUrl":"http://localhost:8081/file/20190702/40/84aab73ee6844ce988f3c1eddec8480c.png","isPass":true,"type":"_001","fileInfoId":"156204964906002722"},{"note":"好好啊好啊","dictName":"签章采集表","fileUrl":"http://localhost:8081/file/20190702/40/f5cdf0119575472790c549fbd0b0b82c.jpg","isPass":true,"type":"_015","fileInfoId":"156204964906047072"},{"note":"你好测测数据","dictName":"申请人有效身份证件原件","fileUrl":"http://localhost:8081/file/20190702/40/f30ded31d8a04f8f92c1180649f0c472.png","isPass":true,"type":"_002","fileInfoId":"156204964906068701"}]}],"remoteIp":"0:0:0:0:0:0:0:1","timestamp":1564555128931}
2019-07-31 14:38:54,625 - {"action":"GetExamInfo","info":[{}],"remoteIp":"0:0:0:0:0:0:0:1","timestamp":1564555134625}
2019-07-31 14:38:57,663 - {"action":"ToApplyProcess","info":["156206461012647864"],"remoteIp":"0:0:0:0:0:0:0:1","timestamp":1564555137662}
2019-07-31 14:38:59,926 - {"action":"ExamApply","info":[{"applyId":"156206461012647864","list":[{"note":"","dictName":"数字证书申请单","fileUrl":"http://localhost:8081/file/20190702/40/89291f5a24ad4b7895388caa59fcd751.png","isPass":true,"type":"_001","fileInfoId":"156206461015739519"},{"note":"","dictName":"申请人有效身份证件原件","fileUrl":"http://localhost:8081/file/20190702/40/89291f5a24ad4b7895388caa59fcd751.png","isPass":true,"type":"_002","fileInfoId":"156206461015801398"},{"note":"","dictName":"签章采集表","fileUrl":"http://localhost:8081/file/20190702/40/cc2f9db94e644d57876a19e663f470e8.png","isPass":true,"type":"_015","fileInfoId":"156206461015843436"}]}],"remoteIp":"0:0:0:0:0:0:0:1","timestamp":1564555139926}
2019-07-31 14:39:09,045 - {"action":"GetExamInfo","info":[{}],"remoteIp":"0:0:0:0:0:0:0:1","timestamp":1564555149045}
2019-07-31 15:24:30,582 - {"action":"ToApplyProcess","info":["156206461012647864"],"remoteIp":"0:0:0:0:0:0:0:1","timestamp":1564557870578}
2019-07-31 15:24:33,466 - {"action":"GetExamInfo","info":[{}],"remoteIp":"0:0:0:0:0:0:0:1","timestamp":1564557873466}
2019-07-31 15:27:55,528 - {"action":"ToApplyProcess","info":["156204964899381508"],"remoteIp":"0:0:0:0:0:0:0:1","timestamp":1564558075528}
2019-07-31 15:28:03,251 - {"action":"GetExamInfo","info":[{}],"remoteIp":"0:0:0:0:0:0:0:1","timestamp":1564558083251}
2019-07-31 16:24:17,817 - {"action":"GetExamInfo","info":[{}],"remoteIp":"0:0:0:0:0:0:0:1","timestamp":1564561457816}
2019-07-31 16:43:54,468 - {"action":"GetExamInfo","info":[{}],"remoteIp":"0:0:0:0:0:0:0:1","timestamp":1564562634468}
2019-07-31 17:21:28,168 - Closing org.springframework.boot.web.servlet.context.AnnotationConfigServletWebServerApplicationContext@50caa560: startup date [Wed Jul 31 10:26:40 CST 2019]; root of context hierarchy
2019-07-31 17:21:28,205 - Stopping beans in phase 2147483647
2019-07-31 17:21:28,210 - Unregistering JMX-exposed beans on shutdown
2019-07-31 17:21:28,212 - Unregistering JMX-exposed beans
2019-07-31 17:21:29,382 - Closing JPA EntityManagerFactory for persistence unit 'default'
2019-07-31 17:21:29,389 - {dataSource-1} closed
