2019-08-06 10:49:54,200 - Starting CwcabackApplication on macbookpro.local with PID 9917 (/Users/wjn/Desktop/cwcaback/target/classes started by wjn in /Users/wjn/Desktop/cwcaback)
2019-08-06 10:49:54,206 - The following profiles are active: prod
2019-08-06 10:49:54,290 - Refreshing org.springframework.boot.web.servlet.context.AnnotationConfigServletWebServerApplicationContext@47a5b70d: startup date [Tue Aug 06 10:49:54 CST 2019]; root of context hierarchy
2019-08-06 10:49:55,676 - Multiple Spring Data modules found, entering strict repository configuration mode!
2019-08-06 10:49:55,727 - Multiple Spring Data modules found, entering strict repository configuration mode!
2019-08-06 10:49:56,381 - Bean 'org.springframework.transaction.annotation.ProxyTransactionManagementConfiguration' of type [org.springframework.transaction.annotation.ProxyTransactionManagementConfiguration$$EnhancerBySpringCGLIB$$ea7a1524] is not eligible for getting processed by all BeanPostProcessors (for example: not eligible for auto-proxying)
2019-08-06 10:49:57,183 - Tomcat initialized with port(s): 8085 (http)
2019-08-06 10:49:57,201 - Initializing ProtocolHandler ["http-nio-8085"]
2019-08-06 10:49:57,224 - Starting service [Tomcat]
2019-08-06 10:49:57,225 - Starting Servlet Engine: Apache Tomcat/8.5.32
2019-08-06 10:49:57,231 - The APR based Apache Tomcat Native library which allows optimal performance in production environments was not found on the java.library.path: [/Users/wjn/Library/Java/Extensions:/Library/Java/Extensions:/Network/Library/Java/Extensions:/System/Library/Java/Extensions:/usr/lib/java:.]
2019-08-06 10:49:57,504 - Initializing Spring embedded WebApplicationContext
2019-08-06 10:49:57,504 - Root WebApplicationContext: initialization completed in 3214 ms
2019-08-06 10:49:57,603 - Servlet dispatcherServlet mapped to [/]
2019-08-06 10:49:57,609 - Mapping filter: 'characterEncodingFilter' to: [/*]
2019-08-06 10:49:57,609 - Mapping filter: 'hiddenHttpMethodFilter' to: [/*]
2019-08-06 10:49:57,610 - Mapping filter: 'httpPutFormContentFilter' to: [/*]
2019-08-06 10:49:57,610 - Mapping filter: 'requestContextFilter' to: [/*]
2019-08-06 10:49:58,043 - {dataSource-1} inited
2019-08-06 10:50:41,073 - Starting CwcabackApplication on macbookpro.local with PID 9925 (/Users/wjn/Desktop/cwcaback/target/classes started by wjn in /Users/wjn/Desktop/cwcaback)
2019-08-06 10:50:41,082 - The following profiles are active: prod
2019-08-06 10:50:41,271 - Refreshing org.springframework.boot.web.servlet.context.AnnotationConfigServletWebServerApplicationContext@1506f20f: startup date [Tue Aug 06 10:50:41 CST 2019]; root of context hierarchy
2019-08-06 10:50:42,798 - Multiple Spring Data modules found, entering strict repository configuration mode!
2019-08-06 10:50:42,840 - Multiple Spring Data modules found, entering strict repository configuration mode!
2019-08-06 10:50:43,416 - Bean 'org.springframework.transaction.annotation.ProxyTransactionManagementConfiguration' of type [org.springframework.transaction.annotation.ProxyTransactionManagementConfiguration$$EnhancerBySpringCGLIB$$ba1471f0] is not eligible for getting processed by all BeanPostProcessors (for example: not eligible for auto-proxying)
2019-08-06 10:50:44,151 - Tomcat initialized with port(s): 8085 (http)
2019-08-06 10:50:44,167 - Initializing ProtocolHandler ["http-nio-8085"]
2019-08-06 10:50:44,182 - Starting service [Tomcat]
2019-08-06 10:50:44,182 - Starting Servlet Engine: Apache Tomcat/8.5.32
2019-08-06 10:50:44,188 - The APR based Apache Tomcat Native library which allows optimal performance in production environments was not found on the java.library.path: [/Users/wjn/Library/Java/Extensions:/Library/Java/Extensions:/Network/Library/Java/Extensions:/System/Library/Java/Extensions:/usr/lib/java:.]
2019-08-06 10:50:44,497 - Initializing Spring embedded WebApplicationContext
2019-08-06 10:50:44,497 - Root WebApplicationContext: initialization completed in 3226 ms
2019-08-06 10:50:44,605 - Servlet dispatcherServlet mapped to [/]
2019-08-06 10:50:44,611 - Mapping filter: 'characterEncodingFilter' to: [/*]
2019-08-06 10:50:44,611 - Mapping filter: 'hiddenHttpMethodFilter' to: [/*]
2019-08-06 10:50:44,612 - Mapping filter: 'httpPutFormContentFilter' to: [/*]
2019-08-06 10:50:44,612 - Mapping filter: 'requestContextFilter' to: [/*]
2019-08-06 10:50:44,985 - {dataSource-1} inited
2019-08-06 10:50:45,268 - Building JPA container EntityManagerFactory for persistence unit 'default'
2019-08-06 10:50:45,286 - HHH000204: Processing PersistenceUnitInfo [
	name: default
	...]
2019-08-06 10:50:45,413 - HHH000412: Hibernate Core {5.2.17.Final}
2019-08-06 10:50:45,416 - HHH000206: hibernate.properties not found
2019-08-06 10:50:45,495 - HCANN000001: Hibernate Commons Annotations {5.0.1.Final}
2019-08-06 10:50:45,790 - HHH000400: Using dialect: org.hibernate.dialect.MySQL5Dialect
2019-08-06 10:50:46,504 - Initialized JPA EntityManagerFactory for persistence unit 'default'
2019-08-06 10:50:48,195 - spring.jpa.open-in-view is enabled by default. Therefore, database queries may be performed during view rendering. Explicitly configure spring.jpa.open-in-view to disable this warning
2019-08-06 10:50:48,292 - Mapped "{[/article/list],methods=[POST]}" onto public com.cwca.bean.common.RespBean com.cwca.controller.article.ArticleController.getArticles(com.cwca.bean.article.Article)
2019-08-06 10:50:48,294 - Mapped "{[/article/addarticle],methods=[POST]}" onto public com.cwca.bean.common.RespBean com.cwca.controller.article.ArticleController.addArticles(com.cwca.bean.article.Article)
2019-08-06 10:50:48,294 - Mapped "{[/article/updatearticle],methods=[PUT]}" onto public com.cwca.bean.common.RespBean com.cwca.controller.article.ArticleController.updateArticles(com.cwca.bean.article.Article)
2019-08-06 10:50:48,298 - Mapped "{[/exam/print],methods=[POST]}" onto public com.cwca.bean.common.RespBean com.cwca.controller.examination.ExamDataController.print(javax.servlet.http.HttpServletRequest,com.alibaba.fastjson.JSONObject)
2019-08-06 10:50:48,299 - Mapped "{[/exam/transfer],methods=[POST]}" onto public com.cwca.bean.common.RespBean com.cwca.controller.examination.ExamDataController.transfer(javax.servlet.http.HttpServletRequest,com.alibaba.fastjson.JSONObject)
2019-08-06 10:50:48,299 - Mapped "{[/exam/passOneExam],methods=[GET]}" onto public com.cwca.bean.common.RespBean com.cwca.controller.examination.ExamDataController.passExam(javax.servlet.http.HttpServletRequest,com.cwca.vo.ExamRequestVo)
2019-08-06 10:50:48,299 - Mapped "{[/exam/applyInfoList],methods=[POST]}" onto public com.cwca.bean.common.RespBean com.cwca.controller.examination.ExamDataController.findApplyInfoList(javax.servlet.http.HttpServletRequest,com.cwca.bean.examination.ApplyInfo)
2019-08-06 10:50:48,300 - Mapped "{[/exam/applyProcess],methods=[POST]}" onto public com.cwca.bean.common.RespBean com.cwca.controller.examination.ExamDataController.toApplyProcess(javax.servlet.http.HttpServletRequest,com.alibaba.fastjson.JSONObject)
2019-08-06 10:50:48,300 - Mapped "{[/exam/passApplyExam],methods=[POST]}" onto public com.cwca.bean.common.RespBean com.cwca.controller.examination.ExamDataController.passApply(javax.servlet.http.HttpServletRequest,com.alibaba.fastjson.JSONObject)
2019-08-06 10:50:48,300 - Mapped "{[/exam/oneexpress],methods=[POST]}" onto public com.cwca.bean.common.RespBean com.cwca.controller.examination.ExamDataController.oneexpress(javax.servlet.http.HttpServletRequest,com.alibaba.fastjson.JSONObject)
2019-08-06 10:50:48,300 - Mapped "{[/exam/updateapplyinfo],methods=[POST]}" onto public com.cwca.bean.common.RespBean com.cwca.controller.examination.ExamDataController.updateApplyinfo(javax.servlet.http.HttpServletRequest,com.alibaba.fastjson.JSONObject)
2019-08-06 10:50:48,301 - Mapped "{[/exam/downloadzehngshu],methods=[POST]}" onto public com.cwca.bean.common.RespBean com.cwca.controller.examination.ExamDataController.downloadzehngshu()
2019-08-06 10:50:48,301 - Mapped "{[/exam/getInvoices],methods=[POST]}" onto public com.cwca.bean.common.RespBean com.cwca.controller.examination.ExamDataController.getInvoices(com.alibaba.fastjson.JSONObject)
2019-08-06 10:50:48,302 - Mapped "{[/fbdeal/list],methods=[POST]}" onto public com.cwca.bean.common.RespBean com.cwca.controller.fbdeal.FbDealController.getFbdeals(com.cwca.bean.fbdeal.FbdealParam)
2019-08-06 10:50:48,302 - Mapped "{[/dblogin],methods=[POST]}" onto public com.cwca.bean.common.RespBean com.cwca.controller.system.LoginController.dblogin(com.alibaba.fastjson.JSONObject,javax.servlet.http.HttpServletResponse)
2019-08-06 10:50:48,303 - Mapped "{[/logout],methods=[POST]}" onto public com.cwca.bean.common.RespBean com.cwca.controller.system.LoginController.logout(javax.servlet.http.HttpServletRequest)
2019-08-06 10:50:48,303 - Mapped "{[/sysmenu],methods=[GET]}" onto public com.cwca.bean.common.RespBean com.cwca.controller.system.SysConfigController.sysmenu(javax.servlet.http.HttpServletRequest)
2019-08-06 10:50:48,304 - Mapped "{[/sys/basic/role/{rid}],methods=[DELETE]}" onto public com.cwca.bean.common.RespBean com.cwca.controller.system.SystemRoleMenuController.deleteRole(java.lang.Integer)
2019-08-06 10:50:48,305 - Mapped "{[/sys/basic/addrole],methods=[POST]}" onto public com.cwca.bean.common.RespBean com.cwca.controller.system.SystemRoleMenuController.addNewRole(java.lang.String,java.lang.String)
2019-08-06 10:50:48,305 - Mapped "{[/sys/basic/menuTree/{rid}],methods=[GET]}" onto public com.cwca.bean.common.RespBean com.cwca.controller.system.SystemRoleMenuController.menuTree(java.lang.Integer)
2019-08-06 10:50:48,306 - Mapped "{[/sys/basic/updateMenuRole],methods=[PUT]}" onto public com.cwca.bean.common.RespBean com.cwca.controller.system.SystemRoleMenuController.updateMenuRole(java.lang.Integer,java.lang.Integer[])
2019-08-06 10:50:48,306 - Mapped "{[/sys/basic/roles]}" onto public com.cwca.bean.common.RespBean com.cwca.controller.system.SystemRoleMenuController.allRoles()
2019-08-06 10:50:48,307 - Mapped "{[/sys/users/id/{hrId}],methods=[GET]}" onto public com.cwca.bean.common.RespBean com.cwca.controller.system.SystemUserController.getHrById(java.lang.Integer)
2019-08-06 10:50:48,307 - Mapped "{[/sys/users/{hrId}],methods=[DELETE]}" onto public com.cwca.bean.common.RespBean com.cwca.controller.system.SystemUserController.deleteHr(java.lang.Integer)
2019-08-06 10:50:48,308 - Mapped "{[/sys/users/updateuser],methods=[PUT]}" onto public com.cwca.bean.common.RespBean com.cwca.controller.system.SystemUserController.updateHr(com.cwca.bean.User)
2019-08-06 10:50:48,308 - Mapped "{[/sys/users/updateuserrole],methods=[PUT]}" onto public com.cwca.bean.common.RespBean com.cwca.controller.system.SystemUserController.updateHrRoles(java.lang.Integer,java.lang.Integer[])
2019-08-06 10:50:48,308 - Mapped "{[/sys/users/{keywords}]}" onto public com.cwca.bean.common.RespBean com.cwca.controller.system.SystemUserController.getHrsByKeywords(java.lang.String)
2019-08-06 10:50:48,308 - Mapped "{[/sys/users/reg],methods=[POST]}" onto public com.cwca.bean.common.RespBean com.cwca.controller.system.SystemUserController.hrReg(java.lang.String,java.lang.String)
2019-08-06 10:50:48,310 - Mapped "{[/v2/api-docs],methods=[GET],produces=[application/json || application/hal+json]}" onto public org.springframework.http.ResponseEntity<springfox.documentation.spring.web.json.Json> springfox.documentation.swagger2.web.Swagger2Controller.getDocumentation(java.lang.String,javax.servlet.http.HttpServletRequest)
2019-08-06 10:50:48,314 - Mapped "{[/swagger-resources]}" onto org.springframework.http.ResponseEntity<java.util.List<springfox.documentation.swagger.web.SwaggerResource>> springfox.documentation.swagger.web.ApiResourceController.swaggerResources()
2019-08-06 10:50:48,315 - Mapped "{[/swagger-resources/configuration/security]}" onto org.springframework.http.ResponseEntity<springfox.documentation.swagger.web.SecurityConfiguration> springfox.documentation.swagger.web.ApiResourceController.securityConfiguration()
2019-08-06 10:50:48,316 - Mapped "{[/swagger-resources/configuration/ui]}" onto org.springframework.http.ResponseEntity<springfox.documentation.swagger.web.UiConfiguration> springfox.documentation.swagger.web.ApiResourceController.uiConfiguration()
2019-08-06 10:50:48,321 - Mapped "{[/error]}" onto public org.springframework.http.ResponseEntity<java.util.Map<java.lang.String, java.lang.Object>> org.springframework.boot.autoconfigure.web.servlet.error.BasicErrorController.error(javax.servlet.http.HttpServletRequest)
2019-08-06 10:50:48,321 - Mapped "{[/error],produces=[text/html]}" onto public org.springframework.web.servlet.ModelAndView org.springframework.boot.autoconfigure.web.servlet.error.BasicErrorController.errorHtml(javax.servlet.http.HttpServletRequest,javax.servlet.http.HttpServletResponse)
2019-08-06 10:50:48,868 - Mapped URL path [/**/favicon.ico] onto handler of type [class org.springframework.web.servlet.resource.ResourceHttpRequestHandler]
2019-08-06 10:50:48,960 - Looking for @ControllerAdvice: org.springframework.boot.web.servlet.context.AnnotationConfigServletWebServerApplicationContext@1506f20f: startup date [Tue Aug 06 10:50:41 CST 2019]; root of context hierarchy
2019-08-06 10:50:49,043 - Mapped URL path [/webjars/**] onto handler of type [class org.springframework.web.servlet.resource.ResourceHttpRequestHandler]
2019-08-06 10:50:49,044 - Mapped URL path [/**] onto handler of type [class org.springframework.web.servlet.resource.ResourceHttpRequestHandler]
2019-08-06 10:50:49,068 - Detected @ExceptionHandler methods in templateExceptionHandler
2019-08-06 10:50:50,324 - Registering beans for JMX exposure on startup
2019-08-06 10:50:50,327 - Bean with name 'dataSource' has been autodetected for JMX exposure
2019-08-06 10:50:50,338 - Located MBean 'dataSource': registering with JMX server as MBean [com.alibaba.druid.pool:name=dataSource,type=DruidDataSource]
2019-08-06 10:50:50,345 - Starting beans in phase 2147483647
2019-08-06 10:50:50,345 - Context refreshed
2019-08-06 10:50:50,371 - Found 1 custom documentation plugin(s)
2019-08-06 10:50:50,389 - Scanning for api listing references
2019-08-06 10:50:50,719 - Starting ProtocolHandler ["http-nio-8085"]
2019-08-06 10:50:50,759 - Using a shared selector for servlet write/read
2019-08-06 10:50:50,786 - Tomcat started on port(s): 8085 (http) with context path ''
2019-08-06 10:50:50,796 - Started CwcabackApplication in 10.684 seconds (JVM running for 12.264)
2019-08-06 10:51:17,853 - Closing org.springframework.boot.web.servlet.context.AnnotationConfigServletWebServerApplicationContext@1506f20f: startup date [Tue Aug 06 10:50:41 CST 2019]; root of context hierarchy
2019-08-06 10:51:17,856 - Stopping beans in phase 2147483647
2019-08-06 10:51:17,858 - Unregistering JMX-exposed beans on shutdown
2019-08-06 10:51:17,861 - Unregistering JMX-exposed beans
2019-08-06 10:51:17,900 - Closing JPA EntityManagerFactory for persistence unit 'default'
2019-08-06 10:51:17,907 - {dataSource-1} closed
2019-08-06 10:51:42,743 - Neither @ContextConfiguration nor @ContextHierarchy found for test class [com.cwca.FbdealbackApplicationTests], using SpringBootContextLoader
2019-08-06 10:51:42,752 - Could not detect default resource locations for test class [com.cwca.FbdealbackApplicationTests]: no resource found for suffixes {-context.xml, Context.groovy}.
2019-08-06 10:51:42,754 - Could not detect default configuration classes for test class [com.cwca.FbdealbackApplicationTests]: FbdealbackApplicationTests does not declare any static, non-private, non-final, nested classes annotated with @Configuration.
2019-08-06 10:51:43,021 - Found @SpringBootConfiguration com.cwca.CwcabackApplication for test class com.cwca.FbdealbackApplicationTests
2019-08-06 10:51:43,163 - Loaded default TestExecutionListener class names from location [META-INF/spring.factories]: [org.springframework.boot.test.mock.mockito.MockitoTestExecutionListener, org.springframework.boot.test.mock.mockito.ResetMocksTestExecutionListener, org.springframework.boot.test.autoconfigure.restdocs.RestDocsTestExecutionListener, org.springframework.boot.test.autoconfigure.web.client.MockRestServiceServerResetTestExecutionListener, org.springframework.boot.test.autoconfigure.web.servlet.MockMvcPrintOnlyOnFailureTestExecutionListener, org.springframework.boot.test.autoconfigure.web.servlet.WebDriverTestExecutionListener, org.springframework.test.context.web.ServletTestExecutionListener, org.springframework.test.context.support.DirtiesContextBeforeModesTestExecutionListener, org.springframework.test.context.support.DependencyInjectionTestExecutionListener, org.springframework.test.context.support.DirtiesContextTestExecutionListener, org.springframework.test.context.transaction.TransactionalTestExecutionListener, org.springframework.test.context.jdbc.SqlScriptsTestExecutionListener]
2019-08-06 10:51:43,184 - Using TestExecutionListeners: [org.springframework.test.context.web.ServletTestExecutionListener@3f6b0be5, org.springframework.test.context.support.DirtiesContextBeforeModesTestExecutionListener@611889f4, org.springframework.boot.test.mock.mockito.MockitoTestExecutionListener@1da2cb77, org.springframework.boot.test.autoconfigure.SpringBootDependencyInjectionTestExecutionListener@48f278eb, org.springframework.test.context.support.DirtiesContextTestExecutionListener@2f217633, org.springframework.test.context.transaction.TransactionalTestExecutionListener@a530d0a, org.springframework.test.context.jdbc.SqlScriptsTestExecutionListener@1a18644, org.springframework.boot.test.mock.mockito.ResetMocksTestExecutionListener@5acf93bb, org.springframework.boot.test.autoconfigure.restdocs.RestDocsTestExecutionListener@7e7be63f, org.springframework.boot.test.autoconfigure.web.client.MockRestServiceServerResetTestExecutionListener@6cd28fa7, org.springframework.boot.test.autoconfigure.web.servlet.MockMvcPrintOnlyOnFailureTestExecutionListener@614ca7df, org.springframework.boot.test.autoconfigure.web.servlet.WebDriverTestExecutionListener@4738a206]
2019-08-06 10:51:43,835 - Starting FbdealbackApplicationTests on macbookpro.local with PID 9937 (started by wjn in /Users/wjn/Desktop/cwcaback)
2019-08-06 10:51:43,837 - The following profiles are active: prod
2019-08-06 10:51:43,934 - Refreshing org.springframework.web.context.support.GenericWebApplicationContext@282cb7c7: startup date [Tue Aug 06 10:51:43 CST 2019]; root of context hierarchy
2019-08-06 10:51:45,605 - Multiple Spring Data modules found, entering strict repository configuration mode!
2019-08-06 10:51:45,653 - Multiple Spring Data modules found, entering strict repository configuration mode!
2019-08-06 10:51:46,481 - Bean 'org.springframework.transaction.annotation.ProxyTransactionManagementConfiguration' of type [org.springframework.transaction.annotation.ProxyTransactionManagementConfiguration$$EnhancerBySpringCGLIB$$73926eb] is not eligible for getting processed by all BeanPostProcessors (for example: not eligible for auto-proxying)
2019-08-06 10:51:47,427 - {dataSource-1} inited
2019-08-06 10:51:47,895 - Building JPA container EntityManagerFactory for persistence unit 'default'
2019-08-06 10:51:47,920 - HHH000204: Processing PersistenceUnitInfo [
	name: default
	...]
2019-08-06 10:51:48,047 - HHH000412: Hibernate Core {5.2.17.Final}
2019-08-06 10:51:48,050 - HHH000206: hibernate.properties not found
2019-08-06 10:51:48,137 - HCANN000001: Hibernate Commons Annotations {5.0.1.Final}
2019-08-06 10:51:48,406 - HHH000400: Using dialect: org.hibernate.dialect.MySQL5Dialect
2019-08-06 10:51:49,208 - Initialized JPA EntityManagerFactory for persistence unit 'default'
2019-08-06 10:51:51,659 - spring.jpa.open-in-view is enabled by default. Therefore, database queries may be performed during view rendering. Explicitly configure spring.jpa.open-in-view to disable this warning
2019-08-06 10:51:51,779 - Mapped "{[/article/list],methods=[POST]}" onto public com.cwca.bean.common.RespBean com.cwca.controller.article.ArticleController.getArticles(com.cwca.bean.article.Article)
2019-08-06 10:51:51,781 - Mapped "{[/article/addarticle],methods=[POST]}" onto public com.cwca.bean.common.RespBean com.cwca.controller.article.ArticleController.addArticles(com.cwca.bean.article.Article)
2019-08-06 10:51:51,782 - Mapped "{[/article/updatearticle],methods=[PUT]}" onto public com.cwca.bean.common.RespBean com.cwca.controller.article.ArticleController.updateArticles(com.cwca.bean.article.Article)
2019-08-06 10:51:51,789 - Mapped "{[/exam/print],methods=[POST]}" onto public com.cwca.bean.common.RespBean com.cwca.controller.examination.ExamDataController.print(javax.servlet.http.HttpServletRequest,com.alibaba.fastjson.JSONObject)
2019-08-06 10:51:51,790 - Mapped "{[/exam/transfer],methods=[POST]}" onto public com.cwca.bean.common.RespBean com.cwca.controller.examination.ExamDataController.transfer(javax.servlet.http.HttpServletRequest,com.alibaba.fastjson.JSONObject)
2019-08-06 10:51:51,791 - Mapped "{[/exam/applyInfoList],methods=[POST]}" onto public com.cwca.bean.common.RespBean com.cwca.controller.examination.ExamDataController.findApplyInfoList(javax.servlet.http.HttpServletRequest,com.cwca.bean.examination.ApplyInfo)
2019-08-06 10:51:51,791 - Mapped "{[/exam/applyProcess],methods=[POST]}" onto public com.cwca.bean.common.RespBean com.cwca.controller.examination.ExamDataController.toApplyProcess(javax.servlet.http.HttpServletRequest,com.alibaba.fastjson.JSONObject)
2019-08-06 10:51:51,792 - Mapped "{[/exam/passOneExam],methods=[GET]}" onto public com.cwca.bean.common.RespBean com.cwca.controller.examination.ExamDataController.passExam(javax.servlet.http.HttpServletRequest,com.cwca.vo.ExamRequestVo)
2019-08-06 10:51:51,792 - Mapped "{[/exam/passApplyExam],methods=[POST]}" onto public com.cwca.bean.common.RespBean com.cwca.controller.examination.ExamDataController.passApply(javax.servlet.http.HttpServletRequest,com.alibaba.fastjson.JSONObject)
2019-08-06 10:51:51,793 - Mapped "{[/exam/oneexpress],methods=[POST]}" onto public com.cwca.bean.common.RespBean com.cwca.controller.examination.ExamDataController.oneexpress(javax.servlet.http.HttpServletRequest,com.alibaba.fastjson.JSONObject)
2019-08-06 10:51:51,793 - Mapped "{[/exam/updateapplyinfo],methods=[POST]}" onto public com.cwca.bean.common.RespBean com.cwca.controller.examination.ExamDataController.updateApplyinfo(javax.servlet.http.HttpServletRequest,com.alibaba.fastjson.JSONObject)
2019-08-06 10:51:51,794 - Mapped "{[/exam/downloadzehngshu],methods=[POST]}" onto public com.cwca.bean.common.RespBean com.cwca.controller.examination.ExamDataController.downloadzehngshu()
2019-08-06 10:51:51,795 - Mapped "{[/exam/getInvoices],methods=[POST]}" onto public com.cwca.bean.common.RespBean com.cwca.controller.examination.ExamDataController.getInvoices(com.alibaba.fastjson.JSONObject)
2019-08-06 10:51:51,796 - Mapped "{[/fbdeal/list],methods=[POST]}" onto public com.cwca.bean.common.RespBean com.cwca.controller.fbdeal.FbDealController.getFbdeals(com.cwca.bean.fbdeal.FbdealParam)
2019-08-06 10:51:51,798 - Mapped "{[/logout],methods=[POST]}" onto public com.cwca.bean.common.RespBean com.cwca.controller.system.LoginController.logout(javax.servlet.http.HttpServletRequest)
2019-08-06 10:51:51,799 - Mapped "{[/dblogin],methods=[POST]}" onto public com.cwca.bean.common.RespBean com.cwca.controller.system.LoginController.dblogin(com.alibaba.fastjson.JSONObject,javax.servlet.http.HttpServletResponse)
2019-08-06 10:51:51,800 - Mapped "{[/sysmenu],methods=[GET]}" onto public com.cwca.bean.common.RespBean com.cwca.controller.system.SysConfigController.sysmenu(javax.servlet.http.HttpServletRequest)
2019-08-06 10:51:51,803 - Mapped "{[/sys/basic/role/{rid}],methods=[DELETE]}" onto public com.cwca.bean.common.RespBean com.cwca.controller.system.SystemRoleMenuController.deleteRole(java.lang.Integer)
2019-08-06 10:51:51,804 - Mapped "{[/sys/basic/addrole],methods=[POST]}" onto public com.cwca.bean.common.RespBean com.cwca.controller.system.SystemRoleMenuController.addNewRole(java.lang.String,java.lang.String)
2019-08-06 10:51:51,805 - Mapped "{[/sys/basic/menuTree/{rid}],methods=[GET]}" onto public com.cwca.bean.common.RespBean com.cwca.controller.system.SystemRoleMenuController.menuTree(java.lang.Integer)
2019-08-06 10:51:51,805 - Mapped "{[/sys/basic/updateMenuRole],methods=[PUT]}" onto public com.cwca.bean.common.RespBean com.cwca.controller.system.SystemRoleMenuController.updateMenuRole(java.lang.Integer,java.lang.Integer[])
2019-08-06 10:51:51,806 - Mapped "{[/sys/basic/roles]}" onto public com.cwca.bean.common.RespBean com.cwca.controller.system.SystemRoleMenuController.allRoles()
2019-08-06 10:51:51,808 - Mapped "{[/sys/users/id/{hrId}],methods=[GET]}" onto public com.cwca.bean.common.RespBean com.cwca.controller.system.SystemUserController.getHrById(java.lang.Integer)
2019-08-06 10:51:51,809 - Mapped "{[/sys/users/{hrId}],methods=[DELETE]}" onto public com.cwca.bean.common.RespBean com.cwca.controller.system.SystemUserController.deleteHr(java.lang.Integer)
2019-08-06 10:51:51,809 - Mapped "{[/sys/users/updateuser],methods=[PUT]}" onto public com.cwca.bean.common.RespBean com.cwca.controller.system.SystemUserController.updateHr(com.cwca.bean.User)
2019-08-06 10:51:51,810 - Mapped "{[/sys/users/updateuserrole],methods=[PUT]}" onto public com.cwca.bean.common.RespBean com.cwca.controller.system.SystemUserController.updateHrRoles(java.lang.Integer,java.lang.Integer[])
2019-08-06 10:51:51,811 - Mapped "{[/sys/users/{keywords}]}" onto public com.cwca.bean.common.RespBean com.cwca.controller.system.SystemUserController.getHrsByKeywords(java.lang.String)
2019-08-06 10:51:51,811 - Mapped "{[/sys/users/reg],methods=[POST]}" onto public com.cwca.bean.common.RespBean com.cwca.controller.system.SystemUserController.hrReg(java.lang.String,java.lang.String)
2019-08-06 10:51:51,814 - Mapped "{[/v2/api-docs],methods=[GET],produces=[application/json || application/hal+json]}" onto public org.springframework.http.ResponseEntity<springfox.documentation.spring.web.json.Json> springfox.documentation.swagger2.web.Swagger2Controller.getDocumentation(java.lang.String,javax.servlet.http.HttpServletRequest)
2019-08-06 10:51:51,818 - Mapped "{[/swagger-resources/configuration/ui]}" onto org.springframework.http.ResponseEntity<springfox.documentation.swagger.web.UiConfiguration> springfox.documentation.swagger.web.ApiResourceController.uiConfiguration()
2019-08-06 10:51:51,819 - Mapped "{[/swagger-resources/configuration/security]}" onto org.springframework.http.ResponseEntity<springfox.documentation.swagger.web.SecurityConfiguration> springfox.documentation.swagger.web.ApiResourceController.securityConfiguration()
2019-08-06 10:51:51,820 - Mapped "{[/swagger-resources]}" onto org.springframework.http.ResponseEntity<java.util.List<springfox.documentation.swagger.web.SwaggerResource>> springfox.documentation.swagger.web.ApiResourceController.swaggerResources()
2019-08-06 10:51:51,827 - Mapped "{[/error]}" onto public org.springframework.http.ResponseEntity<java.util.Map<java.lang.String, java.lang.Object>> org.springframework.boot.autoconfigure.web.servlet.error.BasicErrorController.error(javax.servlet.http.HttpServletRequest)
2019-08-06 10:51:51,828 - Mapped "{[/error],produces=[text/html]}" onto public org.springframework.web.servlet.ModelAndView org.springframework.boot.autoconfigure.web.servlet.error.BasicErrorController.errorHtml(javax.servlet.http.HttpServletRequest,javax.servlet.http.HttpServletResponse)
2019-08-06 10:51:52,705 - Mapped URL path [/**/favicon.ico] onto handler of type [class org.springframework.web.servlet.resource.ResourceHttpRequestHandler]
2019-08-06 10:51:53,134 - Looking for @ControllerAdvice: org.springframework.web.context.support.GenericWebApplicationContext@282cb7c7: startup date [Tue Aug 06 10:51:43 CST 2019]; root of context hierarchy
2019-08-06 10:51:53,251 - Mapped URL path [/webjars/**] onto handler of type [class org.springframework.web.servlet.resource.ResourceHttpRequestHandler]
2019-08-06 10:51:53,251 - Mapped URL path [/**] onto handler of type [class org.springframework.web.servlet.resource.ResourceHttpRequestHandler]
2019-08-06 10:51:53,279 - Detected @ExceptionHandler methods in templateExceptionHandler
2019-08-06 10:51:54,160 - Starting beans in phase 2147483647
2019-08-06 10:51:54,160 - Context refreshed
2019-08-06 10:51:54,194 - Found 1 custom documentation plugin(s)
2019-08-06 10:51:54,211 - Scanning for api listing references
2019-08-06 10:51:54,530 - Started FbdealbackApplicationTests in 11.302 seconds (JVM running for 12.661)
2019-08-06 10:51:54,768 - Closing org.springframework.web.context.support.GenericWebApplicationContext@282cb7c7: startup date [Tue Aug 06 10:51:43 CST 2019]; root of context hierarchy
2019-08-06 10:51:54,772 - Stopping beans in phase 2147483647
2019-08-06 10:51:54,806 - Closing JPA EntityManagerFactory for persistence unit 'default'
2019-08-06 10:51:54,818 - {dataSource-1} closed
2019-08-06 14:07:55,177 - Starting CwcabackApplication on macbookpro.local with PID 889 (/Users/wjn/Desktop/cwcaback/target/classes started by wjn in /Users/wjn/Desktop/cwcaback)
2019-08-06 14:07:55,184 - The following profiles are active: prod
2019-08-06 14:07:55,407 - Refreshing org.springframework.boot.web.servlet.context.AnnotationConfigServletWebServerApplicationContext@68567e20: startup date [Tue Aug 06 14:07:55 CST 2019]; root of context hierarchy
2019-08-06 14:07:56,590 - Multiple Spring Data modules found, entering strict repository configuration mode!
2019-08-06 14:07:56,629 - Multiple Spring Data modules found, entering strict repository configuration mode!
2019-08-06 14:07:57,227 - Bean 'org.springframework.transaction.annotation.ProxyTransactionManagementConfiguration' of type [org.springframework.transaction.annotation.ProxyTransactionManagementConfiguration$$EnhancerBySpringCGLIB$$4e350b63] is not eligible for getting processed by all BeanPostProcessors (for example: not eligible for auto-proxying)
2019-08-06 14:07:57,907 - Tomcat initialized with port(s): 8085 (http)
2019-08-06 14:07:57,923 - Initializing ProtocolHandler ["http-nio-8085"]
2019-08-06 14:07:57,935 - Starting service [Tomcat]
2019-08-06 14:07:57,935 - Starting Servlet Engine: Apache Tomcat/8.5.32
2019-08-06 14:07:57,939 - The APR based Apache Tomcat Native library which allows optimal performance in production environments was not found on the java.library.path: [/Users/wjn/Library/Java/Extensions:/Library/Java/Extensions:/Network/Library/Java/Extensions:/System/Library/Java/Extensions:/usr/lib/java:.]
2019-08-06 14:07:58,095 - Initializing Spring embedded WebApplicationContext
2019-08-06 14:07:58,095 - Root WebApplicationContext: initialization completed in 2688 ms
2019-08-06 14:07:58,265 - Servlet dispatcherServlet mapped to [/]
2019-08-06 14:07:58,274 - Mapping filter: 'characterEncodingFilter' to: [/*]
2019-08-06 14:07:58,275 - Mapping filter: 'hiddenHttpMethodFilter' to: [/*]
2019-08-06 14:07:58,275 - Mapping filter: 'httpPutFormContentFilter' to: [/*]
2019-08-06 14:07:58,275 - Mapping filter: 'requestContextFilter' to: [/*]
2019-08-06 14:07:58,784 - {dataSource-1} inited
2019-08-06 14:07:59,060 - Building JPA container EntityManagerFactory for persistence unit 'default'
2019-08-06 14:07:59,075 - HHH000204: Processing PersistenceUnitInfo [
	name: default
	...]
2019-08-06 14:07:59,178 - HHH000412: Hibernate Core {5.2.17.Final}
2019-08-06 14:07:59,183 - HHH000206: hibernate.properties not found
2019-08-06 14:07:59,237 - HCANN000001: Hibernate Commons Annotations {5.0.1.Final}
2019-08-06 14:07:59,486 - HHH000400: Using dialect: org.hibernate.dialect.MySQL5Dialect
2019-08-06 14:08:00,055 - Initialized JPA EntityManagerFactory for persistence unit 'default'
2019-08-06 14:08:01,793 - spring.jpa.open-in-view is enabled by default. Therefore, database queries may be performed during view rendering. Explicitly configure spring.jpa.open-in-view to disable this warning
2019-08-06 14:08:01,994 - Mapped "{[/article/list],methods=[POST]}" onto public com.cwca.bean.common.RespBean com.cwca.controller.article.ArticleController.getArticles(com.cwca.bean.article.Article)
2019-08-06 14:08:01,995 - Mapped "{[/article/addarticle],methods=[POST]}" onto public com.cwca.bean.common.RespBean com.cwca.controller.article.ArticleController.addArticles(com.cwca.bean.article.Article)
2019-08-06 14:08:01,996 - Mapped "{[/article/updatearticle],methods=[PUT]}" onto public com.cwca.bean.common.RespBean com.cwca.controller.article.ArticleController.updateArticles(com.cwca.bean.article.Article)
2019-08-06 14:08:02,006 - Mapped "{[/exam/print],methods=[POST]}" onto public com.cwca.bean.common.RespBean com.cwca.controller.examination.ExamDataController.print(javax.servlet.http.HttpServletRequest,com.alibaba.fastjson.JSONObject)
2019-08-06 14:08:02,006 - Mapped "{[/exam/transfer],methods=[POST]}" onto public com.cwca.bean.common.RespBean com.cwca.controller.examination.ExamDataController.transfer(javax.servlet.http.HttpServletRequest,com.alibaba.fastjson.JSONObject)
2019-08-06 14:08:02,008 - Mapped "{[/exam/applyInfoList],methods=[POST]}" onto public com.cwca.bean.common.RespBean com.cwca.controller.examination.ExamDataController.findApplyInfoList(javax.servlet.http.HttpServletRequest,com.cwca.bean.examination.ApplyInfo)
2019-08-06 14:08:02,023 - Mapped "{[/exam/applyProcess],methods=[POST]}" onto public com.cwca.bean.common.RespBean com.cwca.controller.examination.ExamDataController.toApplyProcess(javax.servlet.http.HttpServletRequest,com.alibaba.fastjson.JSONObject)
2019-08-06 14:08:02,024 - Mapped "{[/exam/passOneExam],methods=[GET]}" onto public com.cwca.bean.common.RespBean com.cwca.controller.examination.ExamDataController.passExam(javax.servlet.http.HttpServletRequest,com.cwca.vo.ExamRequestVo)
2019-08-06 14:08:02,025 - Mapped "{[/exam/passApplyExam],methods=[POST]}" onto public com.cwca.bean.common.RespBean com.cwca.controller.examination.ExamDataController.passApply(javax.servlet.http.HttpServletRequest,com.alibaba.fastjson.JSONObject)
2019-08-06 14:08:02,025 - Mapped "{[/exam/oneexpress],methods=[POST]}" onto public com.cwca.bean.common.RespBean com.cwca.controller.examination.ExamDataController.oneexpress(javax.servlet.http.HttpServletRequest,com.alibaba.fastjson.JSONObject)
2019-08-06 14:08:02,025 - Mapped "{[/exam/updateapplyinfo],methods=[POST]}" onto public com.cwca.bean.common.RespBean com.cwca.controller.examination.ExamDataController.updateApplyinfo(javax.servlet.http.HttpServletRequest,com.alibaba.fastjson.JSONObject)
2019-08-06 14:08:02,026 - Mapped "{[/exam/downloadzehngshu],methods=[POST]}" onto public com.cwca.bean.common.RespBean com.cwca.controller.examination.ExamDataController.downloadzehngshu()
2019-08-06 14:08:02,026 - Mapped "{[/exam/getInvoices],methods=[POST]}" onto public com.cwca.bean.common.RespBean com.cwca.controller.examination.ExamDataController.getInvoices(com.alibaba.fastjson.JSONObject)
2019-08-06 14:08:02,027 - Mapped "{[/fbdeal/list],methods=[POST]}" onto public com.cwca.bean.common.RespBean com.cwca.controller.fbdeal.FbDealController.getFbdeals(com.cwca.bean.fbdeal.FbdealParam)
2019-08-06 14:08:02,029 - Mapped "{[/dblogin],methods=[POST]}" onto public com.cwca.bean.common.RespBean com.cwca.controller.system.LoginController.dblogin(com.alibaba.fastjson.JSONObject,javax.servlet.http.HttpServletResponse)
2019-08-06 14:08:02,029 - Mapped "{[/logout],methods=[POST]}" onto public com.cwca.bean.common.RespBean com.cwca.controller.system.LoginController.logout(javax.servlet.http.HttpServletRequest)
2019-08-06 14:08:02,031 - Mapped "{[/sysmenu],methods=[GET]}" onto public com.cwca.bean.common.RespBean com.cwca.controller.system.SysConfigController.sysmenu(javax.servlet.http.HttpServletRequest)
2019-08-06 14:08:02,033 - Mapped "{[/sys/basic/role/{rid}],methods=[DELETE]}" onto public com.cwca.bean.common.RespBean com.cwca.controller.system.SystemRoleMenuController.deleteRole(java.lang.Integer)
2019-08-06 14:08:02,034 - Mapped "{[/sys/basic/addrole],methods=[POST]}" onto public com.cwca.bean.common.RespBean com.cwca.controller.system.SystemRoleMenuController.addNewRole(java.lang.String,java.lang.String)
2019-08-06 14:08:02,035 - Mapped "{[/sys/basic/menuTree/{rid}],methods=[GET]}" onto public com.cwca.bean.common.RespBean com.cwca.controller.system.SystemRoleMenuController.menuTree(java.lang.Integer)
2019-08-06 14:08:02,035 - Mapped "{[/sys/basic/updateMenuRole],methods=[PUT]}" onto public com.cwca.bean.common.RespBean com.cwca.controller.system.SystemRoleMenuController.updateMenuRole(java.lang.Integer,java.lang.Integer[])
2019-08-06 14:08:02,036 - Mapped "{[/sys/basic/roles]}" onto public com.cwca.bean.common.RespBean com.cwca.controller.system.SystemRoleMenuController.allRoles()
2019-08-06 14:08:02,038 - Mapped "{[/sys/users/id/{hrId}],methods=[GET]}" onto public com.cwca.bean.common.RespBean com.cwca.controller.system.SystemUserController.getHrById(java.lang.Integer)
2019-08-06 14:08:02,039 - Mapped "{[/sys/users/{hrId}],methods=[DELETE]}" onto public com.cwca.bean.common.RespBean com.cwca.controller.system.SystemUserController.deleteHr(java.lang.Integer)
2019-08-06 14:08:02,039 - Mapped "{[/sys/users/updateuser],methods=[PUT]}" onto public com.cwca.bean.common.RespBean com.cwca.controller.system.SystemUserController.updateHr(com.cwca.bean.User)
2019-08-06 14:08:02,040 - Mapped "{[/sys/users/updateuserrole],methods=[PUT]}" onto public com.cwca.bean.common.RespBean com.cwca.controller.system.SystemUserController.updateHrRoles(java.lang.Integer,java.lang.Integer[])
2019-08-06 14:08:02,040 - Mapped "{[/sys/users/{keywords}]}" onto public com.cwca.bean.common.RespBean com.cwca.controller.system.SystemUserController.getHrsByKeywords(java.lang.String)
2019-08-06 14:08:02,041 - Mapped "{[/sys/users/reg],methods=[POST]}" onto public com.cwca.bean.common.RespBean com.cwca.controller.system.SystemUserController.hrReg(java.lang.String,java.lang.String)
2019-08-06 14:08:02,043 - Mapped "{[/v2/api-docs],methods=[GET],produces=[application/json || application/hal+json]}" onto public org.springframework.http.ResponseEntity<springfox.documentation.spring.web.json.Json> springfox.documentation.swagger2.web.Swagger2Controller.getDocumentation(java.lang.String,javax.servlet.http.HttpServletRequest)
2019-08-06 14:08:02,047 - Mapped "{[/swagger-resources/configuration/security]}" onto org.springframework.http.ResponseEntity<springfox.documentation.swagger.web.SecurityConfiguration> springfox.documentation.swagger.web.ApiResourceController.securityConfiguration()
2019-08-06 14:08:02,049 - Mapped "{[/swagger-resources/configuration/ui]}" onto org.springframework.http.ResponseEntity<springfox.documentation.swagger.web.UiConfiguration> springfox.documentation.swagger.web.ApiResourceController.uiConfiguration()
2019-08-06 14:08:02,050 - Mapped "{[/swagger-resources]}" onto org.springframework.http.ResponseEntity<java.util.List<springfox.documentation.swagger.web.SwaggerResource>> springfox.documentation.swagger.web.ApiResourceController.swaggerResources()
2019-08-06 14:08:02,057 - Mapped "{[/error]}" onto public org.springframework.http.ResponseEntity<java.util.Map<java.lang.String, java.lang.Object>> org.springframework.boot.autoconfigure.web.servlet.error.BasicErrorController.error(javax.servlet.http.HttpServletRequest)
2019-08-06 14:08:02,057 - Mapped "{[/error],produces=[text/html]}" onto public org.springframework.web.servlet.ModelAndView org.springframework.boot.autoconfigure.web.servlet.error.BasicErrorController.errorHtml(javax.servlet.http.HttpServletRequest,javax.servlet.http.HttpServletResponse)
2019-08-06 14:08:02,635 - Mapped URL path [/**/favicon.ico] onto handler of type [class org.springframework.web.servlet.resource.ResourceHttpRequestHandler]
2019-08-06 14:08:02,740 - Looking for @ControllerAdvice: org.springframework.boot.web.servlet.context.AnnotationConfigServletWebServerApplicationContext@68567e20: startup date [Tue Aug 06 14:07:55 CST 2019]; root of context hierarchy
2019-08-06 14:08:02,838 - Mapped URL path [/webjars/**] onto handler of type [class org.springframework.web.servlet.resource.ResourceHttpRequestHandler]
2019-08-06 14:08:02,839 - Mapped URL path [/**] onto handler of type [class org.springframework.web.servlet.resource.ResourceHttpRequestHandler]
2019-08-06 14:08:02,879 - Detected @ExceptionHandler methods in templateExceptionHandler
2019-08-06 14:08:03,993 - Registering beans for JMX exposure on startup
2019-08-06 14:08:03,996 - Bean with name 'dataSource' has been autodetected for JMX exposure
2019-08-06 14:08:04,005 - Located MBean 'dataSource': registering with JMX server as MBean [com.alibaba.druid.pool:name=dataSource,type=DruidDataSource]
2019-08-06 14:08:04,011 - Starting beans in phase 2147483647
2019-08-06 14:08:04,011 - Context refreshed
2019-08-06 14:08:04,029 - Found 1 custom documentation plugin(s)
2019-08-06 14:08:04,041 - Scanning for api listing references
2019-08-06 14:08:04,652 - Starting ProtocolHandler ["http-nio-8085"]
2019-08-06 14:08:04,680 - Using a shared selector for servlet write/read
2019-08-06 14:08:04,697 - Tomcat started on port(s): 8085 (http) with context path ''
2019-08-06 14:08:04,703 - Started CwcabackApplication in 10.592 seconds (JVM running for 13.247)
2019-08-06 14:11:55,300 - Closing org.springframework.boot.web.servlet.context.AnnotationConfigServletWebServerApplicationContext@68567e20: startup date [Tue Aug 06 14:07:55 CST 2019]; root of context hierarchy
2019-08-06 14:11:55,306 - Stopping beans in phase 2147483647
2019-08-06 14:11:55,307 - Unregistering JMX-exposed beans on shutdown
2019-08-06 14:11:55,308 - Unregistering JMX-exposed beans
2019-08-06 14:11:55,328 - Closing JPA EntityManagerFactory for persistence unit 'default'
2019-08-06 14:11:55,333 - {dataSource-1} closed
2019-08-06 14:11:59,677 - Starting CwcabackApplication on macbookpro.local with PID 939 (/Users/wjn/Desktop/cwcaback/target/classes started by wjn in /Users/wjn/Desktop/cwcaback)
2019-08-06 14:11:59,681 - The following profiles are active: prod
2019-08-06 14:11:59,992 - Refreshing org.springframework.boot.web.servlet.context.AnnotationConfigServletWebServerApplicationContext@68567e20: startup date [Tue Aug 06 14:11:59 CST 2019]; root of context hierarchy
2019-08-06 14:12:02,106 - Multiple Spring Data modules found, entering strict repository configuration mode!
2019-08-06 14:12:02,173 - Multiple Spring Data modules found, entering strict repository configuration mode!
2019-08-06 14:12:02,871 - Bean 'org.springframework.transaction.annotation.ProxyTransactionManagementConfiguration' of type [org.springframework.transaction.annotation.ProxyTransactionManagementConfiguration$$EnhancerBySpringCGLIB$$863c32ae] is not eligible for getting processed by all BeanPostProcessors (for example: not eligible for auto-proxying)
2019-08-06 14:12:03,756 - Tomcat initialized with port(s): 8085 (http)
2019-08-06 14:12:03,768 - Initializing ProtocolHandler ["http-nio-8085"]
2019-08-06 14:12:03,780 - Starting service [Tomcat]
2019-08-06 14:12:03,780 - Starting Servlet Engine: Apache Tomcat/8.5.32
2019-08-06 14:12:03,785 - The APR based Apache Tomcat Native library which allows optimal performance in production environments was not found on the java.library.path: [/Users/wjn/Library/Java/Extensions:/Library/Java/Extensions:/Network/Library/Java/Extensions:/System/Library/Java/Extensions:/usr/lib/java:.]
2019-08-06 14:12:04,065 - Initializing Spring embedded WebApplicationContext
2019-08-06 14:12:04,065 - Root WebApplicationContext: initialization completed in 4073 ms
2019-08-06 14:12:04,139 - Servlet dispatcherServlet mapped to [/]
2019-08-06 14:12:04,144 - Mapping filter: 'characterEncodingFilter' to: [/*]
2019-08-06 14:12:04,144 - Mapping filter: 'hiddenHttpMethodFilter' to: [/*]
2019-08-06 14:12:04,145 - Mapping filter: 'httpPutFormContentFilter' to: [/*]
2019-08-06 14:12:04,145 - Mapping filter: 'requestContextFilter' to: [/*]
2019-08-06 14:12:04,448 - {dataSource-1} inited
2019-08-06 14:12:04,644 - Building JPA container EntityManagerFactory for persistence unit 'default'
2019-08-06 14:12:04,656 - HHH000204: Processing PersistenceUnitInfo [
	name: default
	...]
2019-08-06 14:12:04,797 - HHH000412: Hibernate Core {5.2.17.Final}
2019-08-06 14:12:04,799 - HHH000206: hibernate.properties not found
2019-08-06 14:12:04,849 - HCANN000001: Hibernate Commons Annotations {5.0.1.Final}
2019-08-06 14:12:05,215 - HHH000400: Using dialect: org.hibernate.dialect.MySQL5Dialect
2019-08-06 14:12:05,789 - Initialized JPA EntityManagerFactory for persistence unit 'default'
2019-08-06 14:12:22,476 - Starting CwcabackApplication on macbookpro.local with PID 942 (/Users/wjn/Desktop/cwcaback/target/classes started by wjn in /Users/wjn/Desktop/cwcaback)
2019-08-06 14:12:22,492 - The following profiles are active: dev
2019-08-06 14:12:22,762 - Refreshing org.springframework.boot.web.servlet.context.AnnotationConfigServletWebServerApplicationContext@37f1104d: startup date [Tue Aug 06 14:12:22 CST 2019]; root of context hierarchy
2019-08-06 14:12:24,813 - Multiple Spring Data modules found, entering strict repository configuration mode!
2019-08-06 14:12:24,891 - Multiple Spring Data modules found, entering strict repository configuration mode!
2019-08-06 14:12:25,454 - Bean 'org.springframework.transaction.annotation.ProxyTransactionManagementConfiguration' of type [org.springframework.transaction.annotation.ProxyTransactionManagementConfiguration$$EnhancerBySpringCGLIB$$234a6beb] is not eligible for getting processed by all BeanPostProcessors (for example: not eligible for auto-proxying)
2019-08-06 14:12:26,079 - Tomcat initialized with port(s): 8081 (http)
2019-08-06 14:12:26,092 - Initializing ProtocolHandler ["http-nio-8081"]
2019-08-06 14:12:26,103 - Starting service [Tomcat]
2019-08-06 14:12:26,103 - Starting Servlet Engine: Apache Tomcat/8.5.32
2019-08-06 14:12:26,108 - The APR based Apache Tomcat Native library which allows optimal performance in production environments was not found on the java.library.path: [/Users/wjn/Library/Java/Extensions:/Library/Java/Extensions:/Network/Library/Java/Extensions:/System/Library/Java/Extensions:/usr/lib/java:.]
2019-08-06 14:12:26,318 - Initializing Spring embedded WebApplicationContext
2019-08-06 14:12:26,320 - Root WebApplicationContext: initialization completed in 3559 ms
2019-08-06 14:12:26,503 - Servlet dispatcherServlet mapped to [/]
2019-08-06 14:12:26,510 - Mapping filter: 'characterEncodingFilter' to: [/*]
2019-08-06 14:12:26,511 - Mapping filter: 'hiddenHttpMethodFilter' to: [/*]
2019-08-06 14:12:26,512 - Mapping filter: 'httpPutFormContentFilter' to: [/*]
2019-08-06 14:12:26,512 - Mapping filter: 'requestContextFilter' to: [/*]
2019-08-06 14:12:27,053 - {dataSource-1} inited
2019-08-06 14:12:27,432 - Building JPA container EntityManagerFactory for persistence unit 'default'
2019-08-06 14:12:27,455 - HHH000204: Processing PersistenceUnitInfo [
	name: default
	...]
2019-08-06 14:12:27,634 - HHH000412: Hibernate Core {5.2.17.Final}
2019-08-06 14:12:27,640 - HHH000206: hibernate.properties not found
2019-08-06 14:12:27,707 - HCANN000001: Hibernate Commons Annotations {5.0.1.Final}
2019-08-06 14:12:27,921 - HHH000400: Using dialect: org.hibernate.dialect.MySQL5Dialect
2019-08-06 14:12:28,392 - Initialized JPA EntityManagerFactory for persistence unit 'default'
2019-08-06 14:12:29,725 - spring.jpa.open-in-view is enabled by default. Therefore, database queries may be performed during view rendering. Explicitly configure spring.jpa.open-in-view to disable this warning
2019-08-06 14:12:29,792 - Mapped "{[/article/list],methods=[POST]}" onto public com.cwca.bean.common.RespBean com.cwca.controller.article.ArticleController.getArticles(com.cwca.bean.article.Article)
2019-08-06 14:12:29,793 - Mapped "{[/article/addarticle],methods=[POST]}" onto public com.cwca.bean.common.RespBean com.cwca.controller.article.ArticleController.addArticles(com.cwca.bean.article.Article)
2019-08-06 14:12:29,793 - Mapped "{[/article/updatearticle],methods=[PUT]}" onto public com.cwca.bean.common.RespBean com.cwca.controller.article.ArticleController.updateArticles(com.cwca.bean.article.Article)
2019-08-06 14:12:29,797 - Mapped "{[/exam/print],methods=[POST]}" onto public com.cwca.bean.common.RespBean com.cwca.controller.examination.ExamDataController.print(javax.servlet.http.HttpServletRequest,com.alibaba.fastjson.JSONObject)
2019-08-06 14:12:29,797 - Mapped "{[/exam/transfer],methods=[POST]}" onto public com.cwca.bean.common.RespBean com.cwca.controller.examination.ExamDataController.transfer(javax.servlet.http.HttpServletRequest,com.alibaba.fastjson.JSONObject)
2019-08-06 14:12:29,798 - Mapped "{[/exam/applyInfoList],methods=[POST]}" onto public com.cwca.bean.common.RespBean com.cwca.controller.examination.ExamDataController.findApplyInfoList(javax.servlet.http.HttpServletRequest,com.cwca.bean.examination.ApplyInfo)
2019-08-06 14:12:29,798 - Mapped "{[/exam/applyProcess],methods=[POST]}" onto public com.cwca.bean.common.RespBean com.cwca.controller.examination.ExamDataController.toApplyProcess(javax.servlet.http.HttpServletRequest,com.alibaba.fastjson.JSONObject)
2019-08-06 14:12:29,798 - Mapped "{[/exam/passOneExam],methods=[GET]}" onto public com.cwca.bean.common.RespBean com.cwca.controller.examination.ExamDataController.passExam(javax.servlet.http.HttpServletRequest,com.cwca.vo.ExamRequestVo)
2019-08-06 14:12:29,798 - Mapped "{[/exam/passApplyExam],methods=[POST]}" onto public com.cwca.bean.common.RespBean com.cwca.controller.examination.ExamDataController.passApply(javax.servlet.http.HttpServletRequest,com.alibaba.fastjson.JSONObject)
2019-08-06 14:12:29,799 - Mapped "{[/exam/oneexpress],methods=[POST]}" onto public com.cwca.bean.common.RespBean com.cwca.controller.examination.ExamDataController.oneexpress(javax.servlet.http.HttpServletRequest,com.alibaba.fastjson.JSONObject)
2019-08-06 14:12:29,799 - Mapped "{[/exam/updateapplyinfo],methods=[POST]}" onto public com.cwca.bean.common.RespBean com.cwca.controller.examination.ExamDataController.updateApplyinfo(javax.servlet.http.HttpServletRequest,com.alibaba.fastjson.JSONObject)
2019-08-06 14:12:29,799 - Mapped "{[/exam/downloadzehngshu],methods=[POST]}" onto public com.cwca.bean.common.RespBean com.cwca.controller.examination.ExamDataController.downloadzehngshu()
2019-08-06 14:12:29,799 - Mapped "{[/exam/getInvoices],methods=[POST]}" onto public com.cwca.bean.common.RespBean com.cwca.controller.examination.ExamDataController.getInvoices(com.alibaba.fastjson.JSONObject)
2019-08-06 14:12:29,800 - Mapped "{[/fbdeal/list],methods=[POST]}" onto public com.cwca.bean.common.RespBean com.cwca.controller.fbdeal.FbDealController.getFbdeals(com.cwca.bean.fbdeal.FbdealParam)
2019-08-06 14:12:29,801 - Mapped "{[/dblogin],methods=[POST]}" onto public com.cwca.bean.common.RespBean com.cwca.controller.system.LoginController.dblogin(com.alibaba.fastjson.JSONObject,javax.servlet.http.HttpServletResponse)
2019-08-06 14:12:29,801 - Mapped "{[/logout],methods=[POST]}" onto public com.cwca.bean.common.RespBean com.cwca.controller.system.LoginController.logout(javax.servlet.http.HttpServletRequest)
2019-08-06 14:12:29,801 - Mapped "{[/sysmenu],methods=[GET]}" onto public com.cwca.bean.common.RespBean com.cwca.controller.system.SysConfigController.sysmenu(javax.servlet.http.HttpServletRequest)
2019-08-06 14:12:29,802 - Mapped "{[/sys/basic/role/{rid}],methods=[DELETE]}" onto public com.cwca.bean.common.RespBean com.cwca.controller.system.SystemRoleMenuController.deleteRole(java.lang.Integer)
2019-08-06 14:12:29,803 - Mapped "{[/sys/basic/addrole],methods=[POST]}" onto public com.cwca.bean.common.RespBean com.cwca.controller.system.SystemRoleMenuController.addNewRole(java.lang.String,java.lang.String)
2019-08-06 14:12:29,803 - Mapped "{[/sys/basic/menuTree/{rid}],methods=[GET]}" onto public com.cwca.bean.common.RespBean com.cwca.controller.system.SystemRoleMenuController.menuTree(java.lang.Integer)
2019-08-06 14:12:29,804 - Mapped "{[/sys/basic/updateMenuRole],methods=[PUT]}" onto public com.cwca.bean.common.RespBean com.cwca.controller.system.SystemRoleMenuController.updateMenuRole(java.lang.Integer,java.lang.Integer[])
2019-08-06 14:12:29,804 - Mapped "{[/sys/basic/roles]}" onto public com.cwca.bean.common.RespBean com.cwca.controller.system.SystemRoleMenuController.allRoles()
2019-08-06 14:12:29,805 - Mapped "{[/sys/users/id/{hrId}],methods=[GET]}" onto public com.cwca.bean.common.RespBean com.cwca.controller.system.SystemUserController.getHrById(java.lang.Integer)
2019-08-06 14:12:29,806 - Mapped "{[/sys/users/{hrId}],methods=[DELETE]}" onto public com.cwca.bean.common.RespBean com.cwca.controller.system.SystemUserController.deleteHr(java.lang.Integer)
2019-08-06 14:12:29,806 - Mapped "{[/sys/users/updateuser],methods=[PUT]}" onto public com.cwca.bean.common.RespBean com.cwca.controller.system.SystemUserController.updateHr(com.cwca.bean.User)
2019-08-06 14:12:29,806 - Mapped "{[/sys/users/updateuserrole],methods=[PUT]}" onto public com.cwca.bean.common.RespBean com.cwca.controller.system.SystemUserController.updateHrRoles(java.lang.Integer,java.lang.Integer[])
2019-08-06 14:12:29,806 - Mapped "{[/sys/users/{keywords}]}" onto public com.cwca.bean.common.RespBean com.cwca.controller.system.SystemUserController.getHrsByKeywords(java.lang.String)
2019-08-06 14:12:29,807 - Mapped "{[/sys/users/reg],methods=[POST]}" onto public com.cwca.bean.common.RespBean com.cwca.controller.system.SystemUserController.hrReg(java.lang.String,java.lang.String)
2019-08-06 14:12:29,808 - Mapped "{[/v2/api-docs],methods=[GET],produces=[application/json || application/hal+json]}" onto public org.springframework.http.ResponseEntity<springfox.documentation.spring.web.json.Json> springfox.documentation.swagger2.web.Swagger2Controller.getDocumentation(java.lang.String,javax.servlet.http.HttpServletRequest)
2019-08-06 14:12:29,812 - Mapped "{[/swagger-resources/configuration/security]}" onto org.springframework.http.ResponseEntity<springfox.documentation.swagger.web.SecurityConfiguration> springfox.documentation.swagger.web.ApiResourceController.securityConfiguration()
2019-08-06 14:12:29,813 - Mapped "{[/swagger-resources/configuration/ui]}" onto org.springframework.http.ResponseEntity<springfox.documentation.swagger.web.UiConfiguration> springfox.documentation.swagger.web.ApiResourceController.uiConfiguration()
2019-08-06 14:12:29,814 - Mapped "{[/swagger-resources]}" onto org.springframework.http.ResponseEntity<java.util.List<springfox.documentation.swagger.web.SwaggerResource>> springfox.documentation.swagger.web.ApiResourceController.swaggerResources()
2019-08-06 14:12:29,821 - Mapped "{[/error]}" onto public org.springframework.http.ResponseEntity<java.util.Map<java.lang.String, java.lang.Object>> org.springframework.boot.autoconfigure.web.servlet.error.BasicErrorController.error(javax.servlet.http.HttpServletRequest)
2019-08-06 14:12:29,822 - Mapped "{[/error],produces=[text/html]}" onto public org.springframework.web.servlet.ModelAndView org.springframework.boot.autoconfigure.web.servlet.error.BasicErrorController.errorHtml(javax.servlet.http.HttpServletRequest,javax.servlet.http.HttpServletResponse)
2019-08-06 14:12:30,248 - Mapped URL path [/**/favicon.ico] onto handler of type [class org.springframework.web.servlet.resource.ResourceHttpRequestHandler]
2019-08-06 14:12:30,305 - Looking for @ControllerAdvice: org.springframework.boot.web.servlet.context.AnnotationConfigServletWebServerApplicationContext@37f1104d: startup date [Tue Aug 06 14:12:22 CST 2019]; root of context hierarchy
2019-08-06 14:12:30,361 - Mapped URL path [/webjars/**] onto handler of type [class org.springframework.web.servlet.resource.ResourceHttpRequestHandler]
2019-08-06 14:12:30,361 - Mapped URL path [/**] onto handler of type [class org.springframework.web.servlet.resource.ResourceHttpRequestHandler]
2019-08-06 14:12:30,378 - Detected @ExceptionHandler methods in templateExceptionHandler
2019-08-06 14:12:31,346 - Registering beans for JMX exposure on startup
2019-08-06 14:12:31,348 - Bean with name 'dataSource' has been autodetected for JMX exposure
2019-08-06 14:12:31,355 - Located MBean 'dataSource': registering with JMX server as MBean [com.alibaba.druid.pool:name=dataSource,type=DruidDataSource]
2019-08-06 14:12:31,359 - Starting beans in phase 2147483647
2019-08-06 14:12:31,359 - Context refreshed
2019-08-06 14:12:31,372 - Found 1 custom documentation plugin(s)
2019-08-06 14:12:31,383 - Scanning for api listing references
2019-08-06 14:12:31,537 - Starting ProtocolHandler ["http-nio-8081"]
2019-08-06 14:12:31,566 - Using a shared selector for servlet write/read
2019-08-06 14:12:31,587 - Tomcat started on port(s): 8081 (http) with context path ''
2019-08-06 14:12:31,597 - Started CwcabackApplication in 10.136 seconds (JVM running for 11.363)
2019-08-06 14:12:47,991 - Initializing Spring FrameworkServlet 'dispatcherServlet'
2019-08-06 14:12:47,991 - FrameworkServlet 'dispatcherServlet': initialization started
2019-08-06 14:12:48,016 - FrameworkServlet 'dispatcherServlet': initialization completed in 25 ms
2019-08-06 14:12:48,430 - Starting without optional epoll library
2019-08-06 14:12:48,432 - Starting without optional kqueue library
2019-08-06 14:13:01,782 - {"action":"GetExamInfo","info":[{}],"remoteIp":"0:0:0:0:0:0:0:1","timestamp":1565071981770}
2019-08-06 14:13:02,194 - orderId={"156206949815255250":"","156206858113402733":"233846062154","156206461012647864":"233848160134","156206771017815541":"","156204964899381508":""}
2019-08-06 14:13:02,210 - I/O error on POST request for "http://localhost:8084/pay/checkPayByIds": Connection refused (Connection refused); nested exception is java.net.ConnectException: Connection refused (Connection refused)
2019-08-06 14:13:11,892 - {"action":"GetExamInfo","info":[{}],"remoteIp":"0:0:0:0:0:0:0:1","timestamp":1565071991892}
2019-08-06 14:13:12,019 - orderId={"156206949815255250":"","156206858113402733":"233846062154","156206461012647864":"233848160134","156206771017815541":"","156204964899381508":""}
2019-08-06 14:13:12,030 - I/O error on POST request for "http://localhost:8084/pay/checkPayByIds": Connection refused (Connection refused); nested exception is java.net.ConnectException: Connection refused (Connection refused)
2019-08-06 14:14:42,532 - {"action":"GetExamInfo","info":[{}],"remoteIp":"0:0:0:0:0:0:0:1","timestamp":1565072082532}
2019-08-06 14:14:42,694 - orderId={"156206949815255250":"","156206858113402733":"233846062154","156206461012647864":"233848160134","156206771017815541":"","156204964899381508":""}
2019-08-06 14:14:42,701 - I/O error on POST request for "http://localhost:8084/pay/checkPayByIds": Connection refused (Connection refused); nested exception is java.net.ConnectException: Connection refused (Connection refused)
2019-08-06 14:15:47,762 - {"action":"GetExamInfo","info":[{}],"remoteIp":"0:0:0:0:0:0:0:1","timestamp":1565072147761}
2019-08-06 14:15:47,894 - orderId={"156206949815255250":"","156206858113402733":"233846062154","156206461012647864":"233848160134","156206771017815541":"","156204964899381508":""}
2019-08-06 14:15:47,908 - I/O error on POST request for "http://localhost:8084/pay/checkPayByIds": Connection refused (Connection refused); nested exception is java.net.ConnectException: Connection refused (Connection refused)
2019-08-06 16:31:05,792 - {"action":"GetExamInfo","info":[{}],"remoteIp":"0:0:0:0:0:0:0:1","timestamp":1565080265792}
2019-08-06 16:31:06,003 - orderId={"156206949815255250":"","156206858113402733":"233846062154","156206461012647864":"233848160134","156206771017815541":"","156204964899381508":""}
2019-08-06 16:31:06,013 - I/O error on POST request for "http://localhost:8084/pay/checkPayByIds": Connection refused (Connection refused); nested exception is java.net.ConnectException: Connection refused (Connection refused)
2019-08-06 16:31:45,370 - {"action":"GetExamInfo","info":[{}],"remoteIp":"0:0:0:0:0:0:0:1","timestamp":1565080305370}
2019-08-06 16:31:45,507 - orderId={"156206949815255250":"","156206858113402733":"233846062154","156206461012647864":"233848160134","156206771017815541":"","156204964899381508":""}
2019-08-06 16:31:45,513 - I/O error on POST request for "http://localhost:8084/pay/checkPayByIds": Connection refused (Connection refused); nested exception is java.net.ConnectException: Connection refused (Connection refused)
2019-08-06 16:41:45,003 - {"action":"GetExamInfo","info":[{}],"remoteIp":"0:0:0:0:0:0:0:1","timestamp":1565080905003}
2019-08-06 16:41:45,231 - orderId={"156206949815255250":"","156206858113402733":"233846062154","156206461012647864":"233848160134","156206771017815541":"","156204964899381508":""}
2019-08-06 16:41:45,242 - I/O error on POST request for "http://localhost:8084/pay/checkPayByIds": Connection refused (Connection refused); nested exception is java.net.ConnectException: Connection refused (Connection refused)
2019-08-06 16:42:02,936 - {"action":"GetExamInfo","info":[{}],"remoteIp":"0:0:0:0:0:0:0:1","timestamp":1565080922935}
2019-08-06 16:42:03,060 - orderId={"156206949815255250":"","156206858113402733":"233846062154","156206461012647864":"233848160134","156206771017815541":"","156204964899381508":""}
2019-08-06 16:42:03,065 - I/O error on POST request for "http://localhost:8084/pay/checkPayByIds": Connection refused (Connection refused); nested exception is java.net.ConnectException: Connection refused (Connection refused)
2019-08-07 09:36:00,089 - Closing org.springframework.boot.web.servlet.context.AnnotationConfigServletWebServerApplicationContext@37f1104d: startup date [Tue Aug 06 14:12:22 CST 2019]; root of context hierarchy
2019-08-07 09:36:00,216 - Stopping beans in phase 2147483647
2019-08-07 09:36:00,236 - Unregistering JMX-exposed beans on shutdown
2019-08-07 09:36:00,240 - Unregistering JMX-exposed beans
2019-08-07 09:36:01,536 - Closing JPA EntityManagerFactory for persistence unit 'default'
2019-08-07 09:36:01,551 - {dataSource-1} closed
